mvn -Dmaven.artifact.threads=10 clean
[INFO] Scanning for projects...
[WARNING] 
[WARNING] Some problems were encountered while building the effective model for com.example.api:spring-boot-kotlin-starter-service:jar:0.0.1-SNAPSHOT
[WARNING] 'dependencies.dependency.(groupId:artifactId:type:classifier)' must be unique: org.springframework.restdocs:spring-restdocs-mockmvc:jar -> duplicate declaration of version (?) @ line 94, column 15
[WARNING] 
[WARNING] It is highly recommended to fix these problems because they threaten the stability of your build.
[WARNING] 
[WARNING] For this reason, future Maven versions might no longer support building such malformed projects.
[WARNING] 
[INFO] 
[INFO] ---------< com.example.api:spring-boot-kotlin-starter-service >---------
[INFO] Building vod_playlist_manager 0.0.1-SNAPSHOT
[INFO]   from pom.xml
[INFO] --------------------------------[ jar ]---------------------------------
[INFO] 
[INFO] --- clean:3.2.0:clean (default-clean) @ spring-boot-kotlin-starter-service ---
[INFO] Deleting /Users/toobaaziz/IdeaProjects/vod-playlist-manager/target
[INFO] ------------------------------------------------------------------------
[INFO] BUILD SUCCESS
[INFO] ------------------------------------------------------------------------
[INFO] Total time:  0.227 s
[INFO] Finished at: 2024-03-29T13:49:01+05:00
[INFO] ------------------------------------------------------------------------
mvn verify
[INFO] Scanning for projects...
[WARNING] 
[WARNING] Some problems were encountered while building the effective model for com.example.api:spring-boot-kotlin-starter-service:jar:0.0.1-SNAPSHOT
[WARNING] 'dependencies.dependency.(groupId:artifactId:type:classifier)' must be unique: org.springframework.restdocs:spring-restdocs-mockmvc:jar -> duplicate declaration of version (?) @ line 94, column 15
[WARNING] 
[WARNING] It is highly recommended to fix these problems because they threaten the stability of your build.
[WARNING] 
[WARNING] For this reason, future Maven versions might no longer support building such malformed projects.
[WARNING] 
[INFO] 
[INFO] ---------< com.example.api:spring-boot-kotlin-starter-service >---------
[INFO] Building vod_playlist_manager 0.0.1-SNAPSHOT
[INFO]   from pom.xml
[INFO] --------------------------------[ jar ]---------------------------------
[WARNING] Parameter 'propertiesEncoding' is unknown for plugin 'maven-resources-plugin:2.7:resources (default-resources)'
[WARNING] Parameter 'propertiesEncoding' is unknown for plugin 'maven-resources-plugin:2.7:testResources (default-testResources)'
[WARNING] Parameter 'propertiesEncoding' is unknown for plugin 'maven-resources-plugin:2.7:copy-resources (copy-resources)'
[WARNING] The artifact mysql:mysql-connector-java:jar:8.0.31 has been relocated to com.mysql:mysql-connector-j:jar:8.0.31: MySQL Connector/J artifacts moved to reverse-DNS compliant Maven 2+ coordinates.
[INFO] 
[INFO] --- githook:1.0.5:install (default) @ spring-boot-kotlin-starter-service ---
[INFO] Installing pre-commit hook into /Users/toobaaziz/IdeaProjects/vod-playlist-manager/.git/hooks
[INFO] Installing pre-push hook into /Users/toobaaziz/IdeaProjects/vod-playlist-manager/.git/hooks
[INFO] 
[INFO] --- jacoco:0.8.8:prepare-agent (default) @ spring-boot-kotlin-starter-service ---
[INFO] argLine set to -javaagent:/Users/toobaaziz/.m2/repository/org/jacoco/org.jacoco.agent/0.8.8/org.jacoco.agent-0.8.8-runtime.jar=destfile=/Users/toobaaziz/IdeaProjects/vod-playlist-manager/target/jacoco.exec,excludes=**/*VodPlaylistManagerApplication*.*
[INFO] 
[INFO] --- resources:2.7:resources (default-resources) @ spring-boot-kotlin-starter-service ---
[INFO] Using 'UTF-8' encoding to copy filtered resources.
[INFO] Copying 2 resources
[INFO] Copying 4 resources
[INFO] 
[INFO] --- compiler:3.10.1:compile (default-compile) @ spring-boot-kotlin-starter-service ---
[INFO] Nothing to compile - all classes are up to date
[INFO] 
[INFO] --- kotlin:1.7.22:compile (compile) @ spring-boot-kotlin-starter-service ---
[INFO] Applied plugin: 'spring'
[INFO] Applied plugin: 'jpa'
[WARNING] /Users/toobaaziz/IdeaProjects/vod-playlist-manager/src/main/kotlin/com/example/api/vod/advice/ErrorResponseAdvisor.kt: (28, 33) Unchecked cast: (Mutable)List<String?>! to MutableList<String>
[INFO] 
[INFO] --- resources:2.7:testResources (default-testResources) @ spring-boot-kotlin-starter-service ---
[INFO] Using 'UTF-8' encoding to copy filtered resources.
[INFO] Copying 4 resources
[INFO] 
[INFO] --- compiler:3.10.1:testCompile (default-testCompile) @ spring-boot-kotlin-starter-service ---
[INFO] Changes detected - recompiling the module!
[INFO] 
[INFO] --- kotlin:1.7.22:test-compile (test-compile) @ spring-boot-kotlin-starter-service ---
[INFO] Applied plugin: 'spring'
[INFO] Applied plugin: 'jpa'
[WARNING] /Users/toobaaziz/IdeaProjects/vod-playlist-manager/src/test/kotlin/com/example/api/vod/config/PersistenceConfigurationTest.kt: (11, 8) This class shouldn't be used in Kotlin. Use kotlin.collections.Map or kotlin.collections.MutableMap instead.
[WARNING] /Users/toobaaziz/IdeaProjects/vod-playlist-manager/src/test/kotlin/com/example/api/vod/security/config/ApplicationSecurityConfigurationTest.kt: (105, 52) Unnecessary non-null assertion (!!) on a non-null receiver of type HttpSecurity
[INFO] 
[INFO] --- surefire:2.22.2:test (default-test) @ spring-boot-kotlin-starter-service ---
[INFO] 
[INFO] -------------------------------------------------------
[INFO]  T E S T S
[INFO] -------------------------------------------------------
[INFO] Running com.example.api.vod.config.AuditorAwareConfigurationTest
[INFO] Tests run: 1, Failures: 0, Errors: 0, Skipped: 0, Time elapsed: 1.593 s - in com.example.api.vod.config.AuditorAwareConfigurationTest
[INFO] Running com.example.api.vod.config.PersistenceConfigurationTest
13:49:19.087 [main] DEBUG com.zaxxer.hikari.HikariConfig - Driver class org.h2.Driver found in Thread context class loader jdk.internal.loader.ClassLoaders$AppClassLoader@7ad041f3
13:49:19.264 [main] DEBUG org.jboss.logging - Logging Provider: org.jboss.logging.Log4j2LoggerProvider
13:49:19.268 [main] DEBUG com.zaxxer.hikari.HikariConfig - Driver class org.h2.Driver found in Thread context class loader jdk.internal.loader.ClassLoaders$AppClassLoader@7ad041f3
[INFO] Tests run: 5, Failures: 0, Errors: 0, Skipped: 0, Time elapsed: 0.386 s - in com.example.api.vod.config.PersistenceConfigurationTest
[INFO] Running com.example.api.vod.config.LiquibaseConfigurationTest
13:49:19.380 [main] DEBUG com.zaxxer.hikari.HikariConfig - Driver class com.mysql.cj.jdbc.Driver found in Thread context class loader jdk.internal.loader.ClassLoaders$AppClassLoader@7ad041f3
13:49:19.388 [main] DEBUG com.zaxxer.hikari.HikariConfig - Driver class com.mysql.cj.jdbc.Driver found in Thread context class loader jdk.internal.loader.ClassLoaders$AppClassLoader@7ad041f3
[INFO] Tests run: 3, Failures: 0, Errors: 0, Skipped: 0, Time elapsed: 0.089 s - in com.example.api.vod.config.LiquibaseConfigurationTest
[INFO] Running com.example.api.vod.security.config.ApplicationSecurityConfigurationTest
[INFO] Tests run: 1, Failures: 0, Errors: 0, Skipped: 0, Time elapsed: 0.641 s - in com.example.api.vod.security.config.ApplicationSecurityConfigurationTest
[INFO] Running com.example.api.vod.security.filter.PreAuthorizationFilterTest
[INFO] Tests run: 4, Failures: 0, Errors: 0, Skipped: 0, Time elapsed: 0.069 s - in com.example.api.vod.security.filter.PreAuthorizationFilterTest
[INFO] Running com.example.api.vod.advice.ErrorResponseAdvisorTest
[INFO] Tests run: 9, Failures: 0, Errors: 0, Skipped: 0, Time elapsed: 0.224 s - in com.example.api.vod.advice.ErrorResponseAdvisorTest
[INFO] Running com.example.api.vod.controller.PlaylistControllerTest
13:49:20.680 [main] INFO org.hibernate.validator.internal.util.Version - HV000001: Hibernate Validator 8.0.0.Final
13:49:20.737 [main] DEBUG org.hibernate.validator.messageinterpolation.ResourceBundleMessageInterpolator - Loaded expression factory via original TCCL
13:49:20.737 [main] DEBUG org.hibernate.validator.internal.engine.AbstractConfigurationImpl - Setting custom MessageInterpolator of type org.springframework.validation.beanvalidation.LocaleContextMessageInterpolator
13:49:20.737 [main] DEBUG org.hibernate.validator.internal.engine.AbstractConfigurationImpl - Setting custom ParameterNameProvider of type org.springframework.validation.beanvalidation.LocalValidatorFactoryBean$1
13:49:20.742 [main] DEBUG org.hibernate.validator.internal.xml.config.ValidationXmlParser - Trying to load META-INF/validation.xml for XML based Validator configuration.
13:49:20.743 [main] DEBUG org.hibernate.validator.internal.xml.config.ResourceLoaderHelper - Trying to load META-INF/validation.xml via TCCL
13:49:20.743 [main] DEBUG org.hibernate.validator.internal.xml.config.ResourceLoaderHelper - Trying to load META-INF/validation.xml via Hibernate Validator's class loader
13:49:20.744 [main] DEBUG org.hibernate.validator.internal.xml.config.ValidationXmlParser - No META-INF/validation.xml found. Using annotation based configuration only.
13:49:20.753 [main] DEBUG org.hibernate.validator.internal.engine.resolver.TraversableResolvers - Found jakarta.persistence.Persistence on classpath containing 'getPersistenceUtil'. Assuming JPA 2 environment. Trying to instantiate JPA aware TraversableResolver
13:49:20.755 [main] DEBUG org.hibernate.validator.internal.engine.resolver.TraversableResolvers - Instantiated JPA aware TraversableResolver of type org.hibernate.validator.internal.engine.resolver.JPATraversableResolver.
13:49:20.941 [main] DEBUG org.hibernate.validator.internal.engine.ValidatorFactoryConfigurationHelper - HV000252: Using org.hibernate.validator.internal.engine.DefaultPropertyNodeNameProvider as property node name provider.
13:49:20.948 [main] DEBUG org.hibernate.validator.internal.engine.ValidatorFactoryConfigurationHelper - HV000234: Using org.springframework.validation.beanvalidation.LocaleContextMessageInterpolator as ValidatorFactory-scoped message interpolator.
13:49:20.948 [main] DEBUG org.hibernate.validator.internal.engine.ValidatorFactoryConfigurationHelper - HV000234: Using org.hibernate.validator.internal.engine.resolver.JPATraversableResolver as ValidatorFactory-scoped traversable resolver.
13:49:20.948 [main] DEBUG org.hibernate.validator.internal.engine.ValidatorFactoryConfigurationHelper - HV000234: Using org.hibernate.validator.internal.util.ExecutableParameterNameProvider as ValidatorFactory-scoped parameter name provider.
13:49:20.949 [main] DEBUG org.hibernate.validator.internal.engine.ValidatorFactoryConfigurationHelper - HV000234: Using org.hibernate.validator.internal.engine.DefaultClockProvider as ValidatorFactory-scoped clock provider.
13:49:20.949 [main] DEBUG org.hibernate.validator.internal.engine.ValidatorFactoryConfigurationHelper - HV000234: Using org.hibernate.validator.internal.engine.scripting.DefaultScriptEvaluatorFactory as ValidatorFactory-scoped script evaluator factory.
13:49:21.134 [main] DEBUG _org.springframework.web.servlet.HandlerMapping.Mappings - 
	c.e.a.v.c.PlaylistController:
	{POST [/v1/playlist]}: upsertPlaylist(PlaylistDto)
	{GET [/v1/playlist/{id}]}: getPlaylist(String)
	{PATCH [/v1/playlist/{id}/name]}: updatePlaylistName(String,String)
	{DELETE [/v1/playlist/{id}]}: deletePlaylist(String)
13:49:21.139 [main] DEBUG org.springframework.web.servlet.mvc.method.annotation.RequestMappingHandlerMapping - 4 mappings in org.springframework.web.servlet.mvc.method.annotation.RequestMappingHandlerMapping
13:49:21.943 [main] DEBUG org.springframework.web.servlet.mvc.method.annotation.RequestMappingHandlerAdapter - ControllerAdvice beans: 0 @ModelAttribute, 0 @InitBinder, 1 RequestBodyAdvice, 1 ResponseBodyAdvice
13:49:21.990 [main] DEBUG org.springframework.web.servlet.mvc.method.annotation.ExceptionHandlerExceptionResolver - ControllerAdvice beans: 0 @ExceptionHandler, 1 ResponseBodyAdvice
13:49:22.035 [main] INFO org.springframework.mock.web.MockServletContext - Initializing Spring TestDispatcherServlet ''
13:49:22.035 [main] INFO org.springframework.test.web.servlet.TestDispatcherServlet - Initializing Servlet ''
13:49:22.037 [main] DEBUG org.springframework.test.web.servlet.TestDispatcherServlet - Detected AcceptHeaderLocaleResolver
13:49:22.037 [main] DEBUG org.springframework.test.web.servlet.TestDispatcherServlet - Detected FixedThemeResolver
13:49:22.038 [main] DEBUG org.springframework.test.web.servlet.TestDispatcherServlet - Detected org.springframework.web.servlet.view.DefaultRequestToViewNameTranslator@3afca969
13:49:22.038 [main] DEBUG org.springframework.test.web.servlet.TestDispatcherServlet - Detected org.springframework.web.servlet.support.SessionFlashMapManager@3c744de9
13:49:22.038 [main] DEBUG org.springframework.test.web.servlet.TestDispatcherServlet - enableLoggingRequestDetails='false': request parameters and headers will be masked to prevent unsafe logging of potentially sensitive data
13:49:22.040 [main] INFO org.springframework.test.web.servlet.TestDispatcherServlet - Completed initialization in 3 ms
13:49:22.072 [main] DEBUG org.springframework.test.web.servlet.TestDispatcherServlet - POST "/v1/playlist", parameters={}
13:49:22.092 [main] DEBUG org.springframework.web.servlet.mvc.method.annotation.RequestMappingHandlerMapping - Mapped to com.example.api.vod.controller.PlaylistController#upsertPlaylist(PlaylistDto)
13:49:22.278 [main] DEBUG org.springframework.web.servlet.mvc.method.annotation.RequestResponseBodyMethodProcessor - Read "application/json" to []
13:49:22.298 [main] WARN org.springframework.web.servlet.mvc.support.DefaultHandlerExceptionResolver - Resolved [org.springframework.http.converter.HttpMessageNotReadableException: Required request body is missing: public com.example.api.vod.dto.PlaylistDto com.example.api.vod.controller.PlaylistController.upsertPlaylist(com.example.api.vod.dto.PlaylistDto)]
13:49:22.298 [main] DEBUG org.springframework.test.web.servlet.TestDispatcherServlet - Completed 400 BAD_REQUEST
13:49:22.335 [main] DEBUG org.hibernate.validator.messageinterpolation.ResourceBundleMessageInterpolator - Loaded expression factory via original TCCL
13:49:22.335 [main] DEBUG org.hibernate.validator.internal.engine.AbstractConfigurationImpl - Setting custom MessageInterpolator of type org.springframework.validation.beanvalidation.LocaleContextMessageInterpolator
13:49:22.335 [main] DEBUG org.hibernate.validator.internal.engine.AbstractConfigurationImpl - Setting custom ParameterNameProvider of type org.springframework.validation.beanvalidation.LocalValidatorFactoryBean$1
13:49:22.335 [main] DEBUG org.hibernate.validator.internal.xml.config.ValidationXmlParser - Trying to load META-INF/validation.xml for XML based Validator configuration.
13:49:22.335 [main] DEBUG org.hibernate.validator.internal.xml.config.ResourceLoaderHelper - Trying to load META-INF/validation.xml via TCCL
13:49:22.336 [main] DEBUG org.hibernate.validator.internal.xml.config.ResourceLoaderHelper - Trying to load META-INF/validation.xml via Hibernate Validator's class loader
13:49:22.336 [main] DEBUG org.hibernate.validator.internal.xml.config.ValidationXmlParser - No META-INF/validation.xml found. Using annotation based configuration only.
13:49:22.336 [main] DEBUG org.hibernate.validator.internal.engine.resolver.TraversableResolvers - Found jakarta.persistence.Persistence on classpath containing 'getPersistenceUtil'. Assuming JPA 2 environment. Trying to instantiate JPA aware TraversableResolver
13:49:22.336 [main] DEBUG org.hibernate.validator.internal.engine.resolver.TraversableResolvers - Instantiated JPA aware TraversableResolver of type org.hibernate.validator.internal.engine.resolver.JPATraversableResolver.
13:49:22.337 [main] DEBUG org.hibernate.validator.internal.engine.ValidatorFactoryConfigurationHelper - HV000252: Using org.hibernate.validator.internal.engine.DefaultPropertyNodeNameProvider as property node name provider.
13:49:22.337 [main] DEBUG org.hibernate.validator.internal.engine.ValidatorFactoryConfigurationHelper - HV000234: Using org.springframework.validation.beanvalidation.LocaleContextMessageInterpolator as ValidatorFactory-scoped message interpolator.
13:49:22.337 [main] DEBUG org.hibernate.validator.internal.engine.ValidatorFactoryConfigurationHelper - HV000234: Using org.hibernate.validator.internal.engine.resolver.JPATraversableResolver as ValidatorFactory-scoped traversable resolver.
13:49:22.337 [main] DEBUG org.hibernate.validator.internal.engine.ValidatorFactoryConfigurationHelper - HV000234: Using org.hibernate.validator.internal.util.ExecutableParameterNameProvider as ValidatorFactory-scoped parameter name provider.
13:49:22.337 [main] DEBUG org.hibernate.validator.internal.engine.ValidatorFactoryConfigurationHelper - HV000234: Using org.hibernate.validator.internal.engine.DefaultClockProvider as ValidatorFactory-scoped clock provider.
13:49:22.337 [main] DEBUG org.hibernate.validator.internal.engine.ValidatorFactoryConfigurationHelper - HV000234: Using org.hibernate.validator.internal.engine.scripting.DefaultScriptEvaluatorFactory as ValidatorFactory-scoped script evaluator factory.
13:49:22.339 [main] DEBUG _org.springframework.web.servlet.HandlerMapping.Mappings - 
	c.e.a.v.c.PlaylistController:
	{POST [/v1/playlist]}: upsertPlaylist(PlaylistDto)
	{GET [/v1/playlist/{id}]}: getPlaylist(String)
	{PATCH [/v1/playlist/{id}/name]}: updatePlaylistName(String,String)
	{DELETE [/v1/playlist/{id}]}: deletePlaylist(String)
13:49:22.340 [main] DEBUG org.springframework.web.servlet.mvc.method.annotation.RequestMappingHandlerMapping - 4 mappings in org.springframework.web.servlet.mvc.method.annotation.RequestMappingHandlerMapping
13:49:22.341 [main] DEBUG org.springframework.web.servlet.mvc.method.annotation.RequestMappingHandlerAdapter - ControllerAdvice beans: 0 @ModelAttribute, 0 @InitBinder, 1 RequestBodyAdvice, 1 ResponseBodyAdvice
13:49:22.342 [main] DEBUG org.springframework.web.servlet.mvc.method.annotation.ExceptionHandlerExceptionResolver - ControllerAdvice beans: 0 @ExceptionHandler, 1 ResponseBodyAdvice
13:49:22.342 [main] INFO org.springframework.mock.web.MockServletContext - Initializing Spring TestDispatcherServlet ''
13:49:22.342 [main] INFO org.springframework.test.web.servlet.TestDispatcherServlet - Initializing Servlet ''
13:49:22.342 [main] DEBUG org.springframework.test.web.servlet.TestDispatcherServlet - Detected AcceptHeaderLocaleResolver
13:49:22.342 [main] DEBUG org.springframework.test.web.servlet.TestDispatcherServlet - Detected FixedThemeResolver
13:49:22.342 [main] DEBUG org.springframework.test.web.servlet.TestDispatcherServlet - Detected org.springframework.web.servlet.view.DefaultRequestToViewNameTranslator@29307ea4
13:49:22.342 [main] DEBUG org.springframework.test.web.servlet.TestDispatcherServlet - Detected org.springframework.web.servlet.support.SessionFlashMapManager@6fc31f6
13:49:22.342 [main] DEBUG org.springframework.test.web.servlet.TestDispatcherServlet - enableLoggingRequestDetails='false': request parameters and headers will be masked to prevent unsafe logging of potentially sensitive data
13:49:22.342 [main] INFO org.springframework.test.web.servlet.TestDispatcherServlet - Completed initialization in 0 ms
13:49:22.360 [main] DEBUG org.springframework.test.web.servlet.TestDispatcherServlet - POST "/v1/playlist", parameters={}
13:49:22.360 [main] DEBUG org.springframework.web.servlet.mvc.method.annotation.RequestMappingHandlerMapping - Mapped to com.example.api.vod.controller.PlaylistController#upsertPlaylist(PlaylistDto)
13:49:22.398 [main] DEBUG org.springframework.web.servlet.mvc.method.annotation.RequestResponseBodyMethodProcessor - Read "application/json" to [PlaylistDto(id=7kQYh5f9BY5REKkI77M9Km, name=test-playlist-name, items=[PlaylistItemDto(id=5DN3of0kU2 (truncated)...]
13:49:22.435 [main] DEBUG org.springframework.web.servlet.mvc.method.annotation.RequestResponseBodyMethodProcessor - Using 'application/json', given [application/json] and supported [application/json, application/*+json]
13:49:22.436 [main] DEBUG org.springframework.web.servlet.mvc.method.annotation.RequestResponseBodyMethodProcessor - Writing [PlaylistDto(id=7kQYh5f9BY5REKkI77M9Km, name=test-playlist-name, items=[PlaylistItemDto(id=5DN3of0kU2 (truncated)...]
13:49:22.444 [main] DEBUG org.springframework.test.web.servlet.TestDispatcherServlet - Completed 200 OK
13:49:22.453 [main] DEBUG org.hibernate.validator.messageinterpolation.ResourceBundleMessageInterpolator - Loaded expression factory via original TCCL
13:49:22.454 [main] DEBUG org.hibernate.validator.internal.engine.AbstractConfigurationImpl - Setting custom MessageInterpolator of type org.springframework.validation.beanvalidation.LocaleContextMessageInterpolator
13:49:22.454 [main] DEBUG org.hibernate.validator.internal.engine.AbstractConfigurationImpl - Setting custom ParameterNameProvider of type org.springframework.validation.beanvalidation.LocalValidatorFactoryBean$1
13:49:22.454 [main] DEBUG org.hibernate.validator.internal.xml.config.ValidationXmlParser - Trying to load META-INF/validation.xml for XML based Validator configuration.
13:49:22.454 [main] DEBUG org.hibernate.validator.internal.xml.config.ResourceLoaderHelper - Trying to load META-INF/validation.xml via TCCL
13:49:22.454 [main] DEBUG org.hibernate.validator.internal.xml.config.ResourceLoaderHelper - Trying to load META-INF/validation.xml via Hibernate Validator's class loader
13:49:22.454 [main] DEBUG org.hibernate.validator.internal.xml.config.ValidationXmlParser - No META-INF/validation.xml found. Using annotation based configuration only.
13:49:22.454 [main] DEBUG org.hibernate.validator.internal.engine.resolver.TraversableResolvers - Found jakarta.persistence.Persistence on classpath containing 'getPersistenceUtil'. Assuming JPA 2 environment. Trying to instantiate JPA aware TraversableResolver
13:49:22.454 [main] DEBUG org.hibernate.validator.internal.engine.resolver.TraversableResolvers - Instantiated JPA aware TraversableResolver of type org.hibernate.validator.internal.engine.resolver.JPATraversableResolver.
13:49:22.455 [main] DEBUG org.hibernate.validator.internal.engine.ValidatorFactoryConfigurationHelper - HV000252: Using org.hibernate.validator.internal.engine.DefaultPropertyNodeNameProvider as property node name provider.
13:49:22.455 [main] DEBUG org.hibernate.validator.internal.engine.ValidatorFactoryConfigurationHelper - HV000234: Using org.springframework.validation.beanvalidation.LocaleContextMessageInterpolator as ValidatorFactory-scoped message interpolator.
13:49:22.455 [main] DEBUG org.hibernate.validator.internal.engine.ValidatorFactoryConfigurationHelper - HV000234: Using org.hibernate.validator.internal.engine.resolver.JPATraversableResolver as ValidatorFactory-scoped traversable resolver.
13:49:22.455 [main] DEBUG org.hibernate.validator.internal.engine.ValidatorFactoryConfigurationHelper - HV000234: Using org.hibernate.validator.internal.util.ExecutableParameterNameProvider as ValidatorFactory-scoped parameter name provider.
13:49:22.455 [main] DEBUG org.hibernate.validator.internal.engine.ValidatorFactoryConfigurationHelper - HV000234: Using org.hibernate.validator.internal.engine.DefaultClockProvider as ValidatorFactory-scoped clock provider.
13:49:22.455 [main] DEBUG org.hibernate.validator.internal.engine.ValidatorFactoryConfigurationHelper - HV000234: Using org.hibernate.validator.internal.engine.scripting.DefaultScriptEvaluatorFactory as ValidatorFactory-scoped script evaluator factory.
13:49:22.457 [main] DEBUG _org.springframework.web.servlet.HandlerMapping.Mappings - 
	c.e.a.v.c.PlaylistController:
	{POST [/v1/playlist]}: upsertPlaylist(PlaylistDto)
	{GET [/v1/playlist/{id}]}: getPlaylist(String)
	{PATCH [/v1/playlist/{id}/name]}: updatePlaylistName(String,String)
	{DELETE [/v1/playlist/{id}]}: deletePlaylist(String)
13:49:22.458 [main] DEBUG org.springframework.web.servlet.mvc.method.annotation.RequestMappingHandlerMapping - 4 mappings in org.springframework.web.servlet.mvc.method.annotation.RequestMappingHandlerMapping
13:49:22.459 [main] DEBUG org.springframework.web.servlet.mvc.method.annotation.RequestMappingHandlerAdapter - ControllerAdvice beans: 0 @ModelAttribute, 0 @InitBinder, 1 RequestBodyAdvice, 1 ResponseBodyAdvice
13:49:22.459 [main] DEBUG org.springframework.web.servlet.mvc.method.annotation.ExceptionHandlerExceptionResolver - ControllerAdvice beans: 0 @ExceptionHandler, 1 ResponseBodyAdvice
13:49:22.459 [main] INFO org.springframework.mock.web.MockServletContext - Initializing Spring TestDispatcherServlet ''
13:49:22.459 [main] INFO org.springframework.test.web.servlet.TestDispatcherServlet - Initializing Servlet ''
13:49:22.459 [main] DEBUG org.springframework.test.web.servlet.TestDispatcherServlet - Detected AcceptHeaderLocaleResolver
13:49:22.459 [main] DEBUG org.springframework.test.web.servlet.TestDispatcherServlet - Detected FixedThemeResolver
13:49:22.459 [main] DEBUG org.springframework.test.web.servlet.TestDispatcherServlet - Detected org.springframework.web.servlet.view.DefaultRequestToViewNameTranslator@5c8ba2ed
13:49:22.459 [main] DEBUG org.springframework.test.web.servlet.TestDispatcherServlet - Detected org.springframework.web.servlet.support.SessionFlashMapManager@72a90036
13:49:22.459 [main] DEBUG org.springframework.test.web.servlet.TestDispatcherServlet - enableLoggingRequestDetails='false': request parameters and headers will be masked to prevent unsafe logging of potentially sensitive data
13:49:22.460 [main] INFO org.springframework.test.web.servlet.TestDispatcherServlet - Completed initialization in 0 ms
13:49:22.460 [main] DEBUG org.springframework.test.web.servlet.TestDispatcherServlet - GET "/v1/playlist/test-id", parameters={}
13:49:22.460 [main] DEBUG org.springframework.web.servlet.mvc.method.annotation.RequestMappingHandlerMapping - Mapped to com.example.api.vod.controller.PlaylistController#getPlaylist(String)
13:49:22.465 [main] DEBUG org.springframework.web.servlet.mvc.method.annotation.RequestResponseBodyMethodProcessor - Using 'application/json', given [application/json] and supported [application/json, application/*+json]
13:49:22.465 [main] DEBUG org.springframework.web.servlet.mvc.method.annotation.RequestResponseBodyMethodProcessor - Writing [PlaylistDto(id=7kQYh5f9BY5REKkI77M9Km, name=test-playlist-name, items=[PlaylistItemDto(id=5DN3of0kU2 (truncated)...]
13:49:22.467 [main] DEBUG org.springframework.test.web.servlet.TestDispatcherServlet - Completed 200 OK
13:49:22.474 [main] DEBUG org.hibernate.validator.messageinterpolation.ResourceBundleMessageInterpolator - Loaded expression factory via original TCCL
13:49:22.474 [main] DEBUG org.hibernate.validator.internal.engine.AbstractConfigurationImpl - Setting custom MessageInterpolator of type org.springframework.validation.beanvalidation.LocaleContextMessageInterpolator
13:49:22.474 [main] DEBUG org.hibernate.validator.internal.engine.AbstractConfigurationImpl - Setting custom ParameterNameProvider of type org.springframework.validation.beanvalidation.LocalValidatorFactoryBean$1
13:49:22.474 [main] DEBUG org.hibernate.validator.internal.xml.config.ValidationXmlParser - Trying to load META-INF/validation.xml for XML based Validator configuration.
13:49:22.474 [main] DEBUG org.hibernate.validator.internal.xml.config.ResourceLoaderHelper - Trying to load META-INF/validation.xml via TCCL
13:49:22.474 [main] DEBUG org.hibernate.validator.internal.xml.config.ResourceLoaderHelper - Trying to load META-INF/validation.xml via Hibernate Validator's class loader
13:49:22.474 [main] DEBUG org.hibernate.validator.internal.xml.config.ValidationXmlParser - No META-INF/validation.xml found. Using annotation based configuration only.
13:49:22.474 [main] DEBUG org.hibernate.validator.internal.engine.resolver.TraversableResolvers - Found jakarta.persistence.Persistence on classpath containing 'getPersistenceUtil'. Assuming JPA 2 environment. Trying to instantiate JPA aware TraversableResolver
13:49:22.474 [main] DEBUG org.hibernate.validator.internal.engine.resolver.TraversableResolvers - Instantiated JPA aware TraversableResolver of type org.hibernate.validator.internal.engine.resolver.JPATraversableResolver.
13:49:22.475 [main] DEBUG org.hibernate.validator.internal.engine.ValidatorFactoryConfigurationHelper - HV000252: Using org.hibernate.validator.internal.engine.DefaultPropertyNodeNameProvider as property node name provider.
13:49:22.475 [main] DEBUG org.hibernate.validator.internal.engine.ValidatorFactoryConfigurationHelper - HV000234: Using org.springframework.validation.beanvalidation.LocaleContextMessageInterpolator as ValidatorFactory-scoped message interpolator.
13:49:22.475 [main] DEBUG org.hibernate.validator.internal.engine.ValidatorFactoryConfigurationHelper - HV000234: Using org.hibernate.validator.internal.engine.resolver.JPATraversableResolver as ValidatorFactory-scoped traversable resolver.
13:49:22.475 [main] DEBUG org.hibernate.validator.internal.engine.ValidatorFactoryConfigurationHelper - HV000234: Using org.hibernate.validator.internal.util.ExecutableParameterNameProvider as ValidatorFactory-scoped parameter name provider.
13:49:22.475 [main] DEBUG org.hibernate.validator.internal.engine.ValidatorFactoryConfigurationHelper - HV000234: Using org.hibernate.validator.internal.engine.DefaultClockProvider as ValidatorFactory-scoped clock provider.
13:49:22.475 [main] DEBUG org.hibernate.validator.internal.engine.ValidatorFactoryConfigurationHelper - HV000234: Using org.hibernate.validator.internal.engine.scripting.DefaultScriptEvaluatorFactory as ValidatorFactory-scoped script evaluator factory.
13:49:22.477 [main] DEBUG _org.springframework.web.servlet.HandlerMapping.Mappings - 
	c.e.a.v.c.PlaylistController:
	{POST [/v1/playlist]}: upsertPlaylist(PlaylistDto)
	{GET [/v1/playlist/{id}]}: getPlaylist(String)
	{PATCH [/v1/playlist/{id}/name]}: updatePlaylistName(String,String)
	{DELETE [/v1/playlist/{id}]}: deletePlaylist(String)
13:49:22.477 [main] DEBUG org.springframework.web.servlet.mvc.method.annotation.RequestMappingHandlerMapping - 4 mappings in org.springframework.web.servlet.mvc.method.annotation.RequestMappingHandlerMapping
13:49:22.478 [main] DEBUG org.springframework.web.servlet.mvc.method.annotation.RequestMappingHandlerAdapter - ControllerAdvice beans: 0 @ModelAttribute, 0 @InitBinder, 1 RequestBodyAdvice, 1 ResponseBodyAdvice
13:49:22.478 [main] DEBUG org.springframework.web.servlet.mvc.method.annotation.ExceptionHandlerExceptionResolver - ControllerAdvice beans: 0 @ExceptionHandler, 1 ResponseBodyAdvice
13:49:22.478 [main] INFO org.springframework.mock.web.MockServletContext - Initializing Spring TestDispatcherServlet ''
13:49:22.478 [main] INFO org.springframework.test.web.servlet.TestDispatcherServlet - Initializing Servlet ''
13:49:22.479 [main] DEBUG org.springframework.test.web.servlet.TestDispatcherServlet - Detected AcceptHeaderLocaleResolver
13:49:22.479 [main] DEBUG org.springframework.test.web.servlet.TestDispatcherServlet - Detected FixedThemeResolver
13:49:22.479 [main] DEBUG org.springframework.test.web.servlet.TestDispatcherServlet - Detected org.springframework.web.servlet.view.DefaultRequestToViewNameTranslator@e30b8f0
13:49:22.479 [main] DEBUG org.springframework.test.web.servlet.TestDispatcherServlet - Detected org.springframework.web.servlet.support.SessionFlashMapManager@45188301
13:49:22.479 [main] DEBUG org.springframework.test.web.servlet.TestDispatcherServlet - enableLoggingRequestDetails='false': request parameters and headers will be masked to prevent unsafe logging of potentially sensitive data
13:49:22.479 [main] INFO org.springframework.test.web.servlet.TestDispatcherServlet - Completed initialization in 1 ms
13:49:22.479 [main] DEBUG org.springframework.test.web.servlet.TestDispatcherServlet - GET "/v1/playlist", parameters={}
13:49:22.482 [main] WARN org.springframework.web.servlet.mvc.support.DefaultHandlerExceptionResolver - Resolved [org.springframework.web.HttpRequestMethodNotSupportedException: Request method 'GET' is not supported]
13:49:22.482 [main] DEBUG org.springframework.test.web.servlet.TestDispatcherServlet - Completed 405 METHOD_NOT_ALLOWED
13:49:22.489 [main] DEBUG org.hibernate.validator.messageinterpolation.ResourceBundleMessageInterpolator - Loaded expression factory via original TCCL
13:49:22.490 [main] DEBUG org.hibernate.validator.internal.engine.AbstractConfigurationImpl - Setting custom MessageInterpolator of type org.springframework.validation.beanvalidation.LocaleContextMessageInterpolator
13:49:22.490 [main] DEBUG org.hibernate.validator.internal.engine.AbstractConfigurationImpl - Setting custom ParameterNameProvider of type org.springframework.validation.beanvalidation.LocalValidatorFactoryBean$1
13:49:22.490 [main] DEBUG org.hibernate.validator.internal.xml.config.ValidationXmlParser - Trying to load META-INF/validation.xml for XML based Validator configuration.
13:49:22.490 [main] DEBUG org.hibernate.validator.internal.xml.config.ResourceLoaderHelper - Trying to load META-INF/validation.xml via TCCL
13:49:22.490 [main] DEBUG org.hibernate.validator.internal.xml.config.ResourceLoaderHelper - Trying to load META-INF/validation.xml via Hibernate Validator's class loader
13:49:22.490 [main] DEBUG org.hibernate.validator.internal.xml.config.ValidationXmlParser - No META-INF/validation.xml found. Using annotation based configuration only.
13:49:22.490 [main] DEBUG org.hibernate.validator.internal.engine.resolver.TraversableResolvers - Found jakarta.persistence.Persistence on classpath containing 'getPersistenceUtil'. Assuming JPA 2 environment. Trying to instantiate JPA aware TraversableResolver
13:49:22.490 [main] DEBUG org.hibernate.validator.internal.engine.resolver.TraversableResolvers - Instantiated JPA aware TraversableResolver of type org.hibernate.validator.internal.engine.resolver.JPATraversableResolver.
13:49:22.491 [main] DEBUG org.hibernate.validator.internal.engine.ValidatorFactoryConfigurationHelper - HV000252: Using org.hibernate.validator.internal.engine.DefaultPropertyNodeNameProvider as property node name provider.
13:49:22.491 [main] DEBUG org.hibernate.validator.internal.engine.ValidatorFactoryConfigurationHelper - HV000234: Using org.springframework.validation.beanvalidation.LocaleContextMessageInterpolator as ValidatorFactory-scoped message interpolator.
13:49:22.491 [main] DEBUG org.hibernate.validator.internal.engine.ValidatorFactoryConfigurationHelper - HV000234: Using org.hibernate.validator.internal.engine.resolver.JPATraversableResolver as ValidatorFactory-scoped traversable resolver.
13:49:22.491 [main] DEBUG org.hibernate.validator.internal.engine.ValidatorFactoryConfigurationHelper - HV000234: Using org.hibernate.validator.internal.util.ExecutableParameterNameProvider as ValidatorFactory-scoped parameter name provider.
13:49:22.491 [main] DEBUG org.hibernate.validator.internal.engine.ValidatorFactoryConfigurationHelper - HV000234: Using org.hibernate.validator.internal.engine.DefaultClockProvider as ValidatorFactory-scoped clock provider.
13:49:22.491 [main] DEBUG org.hibernate.validator.internal.engine.ValidatorFactoryConfigurationHelper - HV000234: Using org.hibernate.validator.internal.engine.scripting.DefaultScriptEvaluatorFactory as ValidatorFactory-scoped script evaluator factory.
13:49:22.493 [main] DEBUG _org.springframework.web.servlet.HandlerMapping.Mappings - 
	c.e.a.v.c.PlaylistController:
	{POST [/v1/playlist]}: upsertPlaylist(PlaylistDto)
	{GET [/v1/playlist/{id}]}: getPlaylist(String)
	{PATCH [/v1/playlist/{id}/name]}: updatePlaylistName(String,String)
	{DELETE [/v1/playlist/{id}]}: deletePlaylist(String)
13:49:22.493 [main] DEBUG org.springframework.web.servlet.mvc.method.annotation.RequestMappingHandlerMapping - 4 mappings in org.springframework.web.servlet.mvc.method.annotation.RequestMappingHandlerMapping
13:49:22.494 [main] DEBUG org.springframework.web.servlet.mvc.method.annotation.RequestMappingHandlerAdapter - ControllerAdvice beans: 0 @ModelAttribute, 0 @InitBinder, 1 RequestBodyAdvice, 1 ResponseBodyAdvice
13:49:22.494 [main] DEBUG org.springframework.web.servlet.mvc.method.annotation.ExceptionHandlerExceptionResolver - ControllerAdvice beans: 0 @ExceptionHandler, 1 ResponseBodyAdvice
13:49:22.494 [main] INFO org.springframework.mock.web.MockServletContext - Initializing Spring TestDispatcherServlet ''
13:49:22.494 [main] INFO org.springframework.test.web.servlet.TestDispatcherServlet - Initializing Servlet ''
13:49:22.494 [main] DEBUG org.springframework.test.web.servlet.TestDispatcherServlet - Detected AcceptHeaderLocaleResolver
13:49:22.494 [main] DEBUG org.springframework.test.web.servlet.TestDispatcherServlet - Detected FixedThemeResolver
13:49:22.494 [main] DEBUG org.springframework.test.web.servlet.TestDispatcherServlet - Detected org.springframework.web.servlet.view.DefaultRequestToViewNameTranslator@5aa943c5
13:49:22.495 [main] DEBUG org.springframework.test.web.servlet.TestDispatcherServlet - Detected org.springframework.web.servlet.support.SessionFlashMapManager@a1c87e6
13:49:22.495 [main] DEBUG org.springframework.test.web.servlet.TestDispatcherServlet - enableLoggingRequestDetails='false': request parameters and headers will be masked to prevent unsafe logging of potentially sensitive data
13:49:22.495 [main] INFO org.springframework.test.web.servlet.TestDispatcherServlet - Completed initialization in 1 ms
13:49:22.495 [main] DEBUG org.springframework.test.web.servlet.TestDispatcherServlet - PATCH "/v1/playlist/test-id/name", parameters={masked}
13:49:22.496 [main] DEBUG org.springframework.web.servlet.mvc.method.annotation.RequestMappingHandlerMapping - Mapped to com.example.api.vod.controller.PlaylistController#updatePlaylistName(String, String)
13:49:22.499 [main] DEBUG org.springframework.web.servlet.mvc.method.annotation.RequestResponseBodyMethodProcessor - Using 'application/json', given [application/json] and supported [application/json, application/*+json]
13:49:22.499 [main] DEBUG org.springframework.web.servlet.mvc.method.annotation.RequestResponseBodyMethodProcessor - Writing [PlaylistDto(id=7kQYh5f9BY5REKkI77M9Km, name=test-playlist-name, items=[PlaylistItemDto(id=5DN3of0kU2 (truncated)...]
13:49:22.501 [main] DEBUG org.springframework.test.web.servlet.TestDispatcherServlet - Completed 200 OK
13:49:22.507 [main] DEBUG org.hibernate.validator.messageinterpolation.ResourceBundleMessageInterpolator - Loaded expression factory via original TCCL
13:49:22.507 [main] DEBUG org.hibernate.validator.internal.engine.AbstractConfigurationImpl - Setting custom MessageInterpolator of type org.springframework.validation.beanvalidation.LocaleContextMessageInterpolator
13:49:22.507 [main] DEBUG org.hibernate.validator.internal.engine.AbstractConfigurationImpl - Setting custom ParameterNameProvider of type org.springframework.validation.beanvalidation.LocalValidatorFactoryBean$1
13:49:22.507 [main] DEBUG org.hibernate.validator.internal.xml.config.ValidationXmlParser - Trying to load META-INF/validation.xml for XML based Validator configuration.
13:49:22.507 [main] DEBUG org.hibernate.validator.internal.xml.config.ResourceLoaderHelper - Trying to load META-INF/validation.xml via TCCL
13:49:22.507 [main] DEBUG org.hibernate.validator.internal.xml.config.ResourceLoaderHelper - Trying to load META-INF/validation.xml via Hibernate Validator's class loader
13:49:22.507 [main] DEBUG org.hibernate.validator.internal.xml.config.ValidationXmlParser - No META-INF/validation.xml found. Using annotation based configuration only.
13:49:22.508 [main] DEBUG org.hibernate.validator.internal.engine.resolver.TraversableResolvers - Found jakarta.persistence.Persistence on classpath containing 'getPersistenceUtil'. Assuming JPA 2 environment. Trying to instantiate JPA aware TraversableResolver
13:49:22.508 [main] DEBUG org.hibernate.validator.internal.engine.resolver.TraversableResolvers - Instantiated JPA aware TraversableResolver of type org.hibernate.validator.internal.engine.resolver.JPATraversableResolver.
13:49:22.508 [main] DEBUG org.hibernate.validator.internal.engine.ValidatorFactoryConfigurationHelper - HV000252: Using org.hibernate.validator.internal.engine.DefaultPropertyNodeNameProvider as property node name provider.
13:49:22.509 [main] DEBUG org.hibernate.validator.internal.engine.ValidatorFactoryConfigurationHelper - HV000234: Using org.springframework.validation.beanvalidation.LocaleContextMessageInterpolator as ValidatorFactory-scoped message interpolator.
13:49:22.509 [main] DEBUG org.hibernate.validator.internal.engine.ValidatorFactoryConfigurationHelper - HV000234: Using org.hibernate.validator.internal.engine.resolver.JPATraversableResolver as ValidatorFactory-scoped traversable resolver.
13:49:22.509 [main] DEBUG org.hibernate.validator.internal.engine.ValidatorFactoryConfigurationHelper - HV000234: Using org.hibernate.validator.internal.util.ExecutableParameterNameProvider as ValidatorFactory-scoped parameter name provider.
13:49:22.509 [main] DEBUG org.hibernate.validator.internal.engine.ValidatorFactoryConfigurationHelper - HV000234: Using org.hibernate.validator.internal.engine.DefaultClockProvider as ValidatorFactory-scoped clock provider.
13:49:22.509 [main] DEBUG org.hibernate.validator.internal.engine.ValidatorFactoryConfigurationHelper - HV000234: Using org.hibernate.validator.internal.engine.scripting.DefaultScriptEvaluatorFactory as ValidatorFactory-scoped script evaluator factory.
13:49:22.510 [main] DEBUG _org.springframework.web.servlet.HandlerMapping.Mappings - 
	c.e.a.v.c.PlaylistController:
	{POST [/v1/playlist]}: upsertPlaylist(PlaylistDto)
	{GET [/v1/playlist/{id}]}: getPlaylist(String)
	{PATCH [/v1/playlist/{id}/name]}: updatePlaylistName(String,String)
	{DELETE [/v1/playlist/{id}]}: deletePlaylist(String)
13:49:22.510 [main] DEBUG org.springframework.web.servlet.mvc.method.annotation.RequestMappingHandlerMapping - 4 mappings in org.springframework.web.servlet.mvc.method.annotation.RequestMappingHandlerMapping
13:49:22.511 [main] DEBUG org.springframework.web.servlet.mvc.method.annotation.RequestMappingHandlerAdapter - ControllerAdvice beans: 0 @ModelAttribute, 0 @InitBinder, 1 RequestBodyAdvice, 1 ResponseBodyAdvice
13:49:22.512 [main] DEBUG org.springframework.web.servlet.mvc.method.annotation.ExceptionHandlerExceptionResolver - ControllerAdvice beans: 0 @ExceptionHandler, 1 ResponseBodyAdvice
13:49:22.512 [main] INFO org.springframework.mock.web.MockServletContext - Initializing Spring TestDispatcherServlet ''
13:49:22.512 [main] INFO org.springframework.test.web.servlet.TestDispatcherServlet - Initializing Servlet ''
13:49:22.512 [main] DEBUG org.springframework.test.web.servlet.TestDispatcherServlet - Detected AcceptHeaderLocaleResolver
13:49:22.512 [main] DEBUG org.springframework.test.web.servlet.TestDispatcherServlet - Detected FixedThemeResolver
13:49:22.512 [main] DEBUG org.springframework.test.web.servlet.TestDispatcherServlet - Detected org.springframework.web.servlet.view.DefaultRequestToViewNameTranslator@568e814c
13:49:22.512 [main] DEBUG org.springframework.test.web.servlet.TestDispatcherServlet - Detected org.springframework.web.servlet.support.SessionFlashMapManager@299d1bd6
13:49:22.512 [main] DEBUG org.springframework.test.web.servlet.TestDispatcherServlet - enableLoggingRequestDetails='false': request parameters and headers will be masked to prevent unsafe logging of potentially sensitive data
13:49:22.512 [main] INFO org.springframework.test.web.servlet.TestDispatcherServlet - Completed initialization in 0 ms
13:49:22.512 [main] DEBUG org.springframework.test.web.servlet.TestDispatcherServlet - PATCH "/v1/playlist", parameters={}
13:49:22.513 [main] WARN org.springframework.web.servlet.mvc.support.DefaultHandlerExceptionResolver - Resolved [org.springframework.web.HttpRequestMethodNotSupportedException: Request method 'PATCH' is not supported]
13:49:22.513 [main] DEBUG org.springframework.test.web.servlet.TestDispatcherServlet - Completed 405 METHOD_NOT_ALLOWED
13:49:22.518 [main] DEBUG org.hibernate.validator.messageinterpolation.ResourceBundleMessageInterpolator - Loaded expression factory via original TCCL
13:49:22.518 [main] DEBUG org.hibernate.validator.internal.engine.AbstractConfigurationImpl - Setting custom MessageInterpolator of type org.springframework.validation.beanvalidation.LocaleContextMessageInterpolator
13:49:22.518 [main] DEBUG org.hibernate.validator.internal.engine.AbstractConfigurationImpl - Setting custom ParameterNameProvider of type org.springframework.validation.beanvalidation.LocalValidatorFactoryBean$1
13:49:22.518 [main] DEBUG org.hibernate.validator.internal.xml.config.ValidationXmlParser - Trying to load META-INF/validation.xml for XML based Validator configuration.
13:49:22.518 [main] DEBUG org.hibernate.validator.internal.xml.config.ResourceLoaderHelper - Trying to load META-INF/validation.xml via TCCL
13:49:22.518 [main] DEBUG org.hibernate.validator.internal.xml.config.ResourceLoaderHelper - Trying to load META-INF/validation.xml via Hibernate Validator's class loader
13:49:22.519 [main] DEBUG org.hibernate.validator.internal.xml.config.ValidationXmlParser - No META-INF/validation.xml found. Using annotation based configuration only.
13:49:22.519 [main] DEBUG org.hibernate.validator.internal.engine.resolver.TraversableResolvers - Found jakarta.persistence.Persistence on classpath containing 'getPersistenceUtil'. Assuming JPA 2 environment. Trying to instantiate JPA aware TraversableResolver
13:49:22.519 [main] DEBUG org.hibernate.validator.internal.engine.resolver.TraversableResolvers - Instantiated JPA aware TraversableResolver of type org.hibernate.validator.internal.engine.resolver.JPATraversableResolver.
13:49:22.519 [main] DEBUG org.hibernate.validator.internal.engine.ValidatorFactoryConfigurationHelper - HV000252: Using org.hibernate.validator.internal.engine.DefaultPropertyNodeNameProvider as property node name provider.
13:49:22.519 [main] DEBUG org.hibernate.validator.internal.engine.ValidatorFactoryConfigurationHelper - HV000234: Using org.springframework.validation.beanvalidation.LocaleContextMessageInterpolator as ValidatorFactory-scoped message interpolator.
13:49:22.520 [main] DEBUG org.hibernate.validator.internal.engine.ValidatorFactoryConfigurationHelper - HV000234: Using org.hibernate.validator.internal.engine.resolver.JPATraversableResolver as ValidatorFactory-scoped traversable resolver.
13:49:22.520 [main] DEBUG org.hibernate.validator.internal.engine.ValidatorFactoryConfigurationHelper - HV000234: Using org.hibernate.validator.internal.util.ExecutableParameterNameProvider as ValidatorFactory-scoped parameter name provider.
13:49:22.520 [main] DEBUG org.hibernate.validator.internal.engine.ValidatorFactoryConfigurationHelper - HV000234: Using org.hibernate.validator.internal.engine.DefaultClockProvider as ValidatorFactory-scoped clock provider.
13:49:22.520 [main] DEBUG org.hibernate.validator.internal.engine.ValidatorFactoryConfigurationHelper - HV000234: Using org.hibernate.validator.internal.engine.scripting.DefaultScriptEvaluatorFactory as ValidatorFactory-scoped script evaluator factory.
13:49:22.521 [main] DEBUG _org.springframework.web.servlet.HandlerMapping.Mappings - 
	c.e.a.v.c.PlaylistController:
	{POST [/v1/playlist]}: upsertPlaylist(PlaylistDto)
	{GET [/v1/playlist/{id}]}: getPlaylist(String)
	{PATCH [/v1/playlist/{id}/name]}: updatePlaylistName(String,String)
	{DELETE [/v1/playlist/{id}]}: deletePlaylist(String)
13:49:22.521 [main] DEBUG org.springframework.web.servlet.mvc.method.annotation.RequestMappingHandlerMapping - 4 mappings in org.springframework.web.servlet.mvc.method.annotation.RequestMappingHandlerMapping
13:49:22.522 [main] DEBUG org.springframework.web.servlet.mvc.method.annotation.RequestMappingHandlerAdapter - ControllerAdvice beans: 0 @ModelAttribute, 0 @InitBinder, 1 RequestBodyAdvice, 1 ResponseBodyAdvice
13:49:22.522 [main] DEBUG org.springframework.web.servlet.mvc.method.annotation.ExceptionHandlerExceptionResolver - ControllerAdvice beans: 0 @ExceptionHandler, 1 ResponseBodyAdvice
13:49:22.523 [main] INFO org.springframework.mock.web.MockServletContext - Initializing Spring TestDispatcherServlet ''
13:49:22.523 [main] INFO org.springframework.test.web.servlet.TestDispatcherServlet - Initializing Servlet ''
13:49:22.523 [main] DEBUG org.springframework.test.web.servlet.TestDispatcherServlet - Detected AcceptHeaderLocaleResolver
13:49:22.523 [main] DEBUG org.springframework.test.web.servlet.TestDispatcherServlet - Detected FixedThemeResolver
13:49:22.523 [main] DEBUG org.springframework.test.web.servlet.TestDispatcherServlet - Detected org.springframework.web.servlet.view.DefaultRequestToViewNameTranslator@41f79561
13:49:22.523 [main] DEBUG org.springframework.test.web.servlet.TestDispatcherServlet - Detected org.springframework.web.servlet.support.SessionFlashMapManager@1604e941
13:49:22.523 [main] DEBUG org.springframework.test.web.servlet.TestDispatcherServlet - enableLoggingRequestDetails='false': request parameters and headers will be masked to prevent unsafe logging of potentially sensitive data
13:49:22.523 [main] INFO org.springframework.test.web.servlet.TestDispatcherServlet - Completed initialization in 0 ms
13:49:22.525 [main] DEBUG org.springframework.test.web.servlet.TestDispatcherServlet - DELETE "/v1/playlist/test-id", parameters={}
13:49:22.525 [main] DEBUG org.springframework.web.servlet.mvc.method.annotation.RequestMappingHandlerMapping - Mapped to com.example.api.vod.controller.PlaylistController#deletePlaylist(String)
13:49:22.526 [main] DEBUG org.springframework.web.servlet.mvc.method.annotation.RequestResponseBodyMethodProcessor - Using 'application/json', given [application/json] and supported [application/json, application/*+json]
13:49:22.526 [main] DEBUG org.springframework.web.servlet.mvc.method.annotation.RequestResponseBodyMethodProcessor - Nothing to write: null body
13:49:22.526 [main] DEBUG org.springframework.test.web.servlet.TestDispatcherServlet - Completed 200 OK
13:49:22.533 [main] DEBUG org.hibernate.validator.messageinterpolation.ResourceBundleMessageInterpolator - Loaded expression factory via original TCCL
13:49:22.533 [main] DEBUG org.hibernate.validator.internal.engine.AbstractConfigurationImpl - Setting custom MessageInterpolator of type org.springframework.validation.beanvalidation.LocaleContextMessageInterpolator
13:49:22.533 [main] DEBUG org.hibernate.validator.internal.engine.AbstractConfigurationImpl - Setting custom ParameterNameProvider of type org.springframework.validation.beanvalidation.LocalValidatorFactoryBean$1
13:49:22.533 [main] DEBUG org.hibernate.validator.internal.xml.config.ValidationXmlParser - Trying to load META-INF/validation.xml for XML based Validator configuration.
13:49:22.533 [main] DEBUG org.hibernate.validator.internal.xml.config.ResourceLoaderHelper - Trying to load META-INF/validation.xml via TCCL
13:49:22.533 [main] DEBUG org.hibernate.validator.internal.xml.config.ResourceLoaderHelper - Trying to load META-INF/validation.xml via Hibernate Validator's class loader
13:49:22.533 [main] DEBUG org.hibernate.validator.internal.xml.config.ValidationXmlParser - No META-INF/validation.xml found. Using annotation based configuration only.
13:49:22.533 [main] DEBUG org.hibernate.validator.internal.engine.resolver.TraversableResolvers - Found jakarta.persistence.Persistence on classpath containing 'getPersistenceUtil'. Assuming JPA 2 environment. Trying to instantiate JPA aware TraversableResolver
13:49:22.533 [main] DEBUG org.hibernate.validator.internal.engine.resolver.TraversableResolvers - Instantiated JPA aware TraversableResolver of type org.hibernate.validator.internal.engine.resolver.JPATraversableResolver.
13:49:22.534 [main] DEBUG org.hibernate.validator.internal.engine.ValidatorFactoryConfigurationHelper - HV000252: Using org.hibernate.validator.internal.engine.DefaultPropertyNodeNameProvider as property node name provider.
13:49:22.534 [main] DEBUG org.hibernate.validator.internal.engine.ValidatorFactoryConfigurationHelper - HV000234: Using org.springframework.validation.beanvalidation.LocaleContextMessageInterpolator as ValidatorFactory-scoped message interpolator.
13:49:22.534 [main] DEBUG org.hibernate.validator.internal.engine.ValidatorFactoryConfigurationHelper - HV000234: Using org.hibernate.validator.internal.engine.resolver.JPATraversableResolver as ValidatorFactory-scoped traversable resolver.
13:49:22.534 [main] DEBUG org.hibernate.validator.internal.engine.ValidatorFactoryConfigurationHelper - HV000234: Using org.hibernate.validator.internal.util.ExecutableParameterNameProvider as ValidatorFactory-scoped parameter name provider.
13:49:22.534 [main] DEBUG org.hibernate.validator.internal.engine.ValidatorFactoryConfigurationHelper - HV000234: Using org.hibernate.validator.internal.engine.DefaultClockProvider as ValidatorFactory-scoped clock provider.
13:49:22.534 [main] DEBUG org.hibernate.validator.internal.engine.ValidatorFactoryConfigurationHelper - HV000234: Using org.hibernate.validator.internal.engine.scripting.DefaultScriptEvaluatorFactory as ValidatorFactory-scoped script evaluator factory.
13:49:22.536 [main] DEBUG _org.springframework.web.servlet.HandlerMapping.Mappings - 
	c.e.a.v.c.PlaylistController:
	{POST [/v1/playlist]}: upsertPlaylist(PlaylistDto)
	{GET [/v1/playlist/{id}]}: getPlaylist(String)
	{PATCH [/v1/playlist/{id}/name]}: updatePlaylistName(String,String)
	{DELETE [/v1/playlist/{id}]}: deletePlaylist(String)
13:49:22.536 [main] DEBUG org.springframework.web.servlet.mvc.method.annotation.RequestMappingHandlerMapping - 4 mappings in org.springframework.web.servlet.mvc.method.annotation.RequestMappingHandlerMapping
13:49:22.538 [main] DEBUG org.springframework.web.servlet.mvc.method.annotation.RequestMappingHandlerAdapter - ControllerAdvice beans: 0 @ModelAttribute, 0 @InitBinder, 1 RequestBodyAdvice, 1 ResponseBodyAdvice
13:49:22.538 [main] DEBUG org.springframework.web.servlet.mvc.method.annotation.ExceptionHandlerExceptionResolver - ControllerAdvice beans: 0 @ExceptionHandler, 1 ResponseBodyAdvice
13:49:22.538 [main] INFO org.springframework.mock.web.MockServletContext - Initializing Spring TestDispatcherServlet ''
13:49:22.538 [main] INFO org.springframework.test.web.servlet.TestDispatcherServlet - Initializing Servlet ''
13:49:22.538 [main] DEBUG org.springframework.test.web.servlet.TestDispatcherServlet - Detected AcceptHeaderLocaleResolver
13:49:22.538 [main] DEBUG org.springframework.test.web.servlet.TestDispatcherServlet - Detected FixedThemeResolver
13:49:22.538 [main] DEBUG org.springframework.test.web.servlet.TestDispatcherServlet - Detected org.springframework.web.servlet.view.DefaultRequestToViewNameTranslator@41865dc1
13:49:22.538 [main] DEBUG org.springframework.test.web.servlet.TestDispatcherServlet - Detected org.springframework.web.servlet.support.SessionFlashMapManager@2da2bc89
13:49:22.538 [main] DEBUG org.springframework.test.web.servlet.TestDispatcherServlet - enableLoggingRequestDetails='false': request parameters and headers will be masked to prevent unsafe logging of potentially sensitive data
13:49:22.538 [main] INFO org.springframework.test.web.servlet.TestDispatcherServlet - Completed initialization in 0 ms
13:49:22.539 [main] DEBUG org.springframework.test.web.servlet.TestDispatcherServlet - DELETE "/v1/playlist", parameters={}
13:49:22.539 [main] WARN org.springframework.web.servlet.mvc.support.DefaultHandlerExceptionResolver - Resolved [org.springframework.web.HttpRequestMethodNotSupportedException: Request method 'DELETE' is not supported]
13:49:22.539 [main] DEBUG org.springframework.test.web.servlet.TestDispatcherServlet - Completed 405 METHOD_NOT_ALLOWED
[INFO] Tests run: 8, Failures: 0, Errors: 0, Skipped: 0, Time elapsed: 2.119 s - in com.example.api.vod.controller.PlaylistControllerTest
[INFO] Running com.example.api.vod.controller.PlaylistItemControllerTest
13:49:22.568 [main] DEBUG org.hibernate.validator.messageinterpolation.ResourceBundleMessageInterpolator - Loaded expression factory via original TCCL
13:49:22.568 [main] DEBUG org.hibernate.validator.internal.engine.AbstractConfigurationImpl - Setting custom MessageInterpolator of type org.springframework.validation.beanvalidation.LocaleContextMessageInterpolator
13:49:22.568 [main] DEBUG org.hibernate.validator.internal.engine.AbstractConfigurationImpl - Setting custom ParameterNameProvider of type org.springframework.validation.beanvalidation.LocalValidatorFactoryBean$1
13:49:22.569 [main] DEBUG org.hibernate.validator.internal.xml.config.ValidationXmlParser - Trying to load META-INF/validation.xml for XML based Validator configuration.
13:49:22.569 [main] DEBUG org.hibernate.validator.internal.xml.config.ResourceLoaderHelper - Trying to load META-INF/validation.xml via TCCL
13:49:22.569 [main] DEBUG org.hibernate.validator.internal.xml.config.ResourceLoaderHelper - Trying to load META-INF/validation.xml via Hibernate Validator's class loader
13:49:22.569 [main] DEBUG org.hibernate.validator.internal.xml.config.ValidationXmlParser - No META-INF/validation.xml found. Using annotation based configuration only.
13:49:22.569 [main] DEBUG org.hibernate.validator.internal.engine.resolver.TraversableResolvers - Found jakarta.persistence.Persistence on classpath containing 'getPersistenceUtil'. Assuming JPA 2 environment. Trying to instantiate JPA aware TraversableResolver
13:49:22.569 [main] DEBUG org.hibernate.validator.internal.engine.resolver.TraversableResolvers - Instantiated JPA aware TraversableResolver of type org.hibernate.validator.internal.engine.resolver.JPATraversableResolver.
13:49:22.570 [main] DEBUG org.hibernate.validator.internal.engine.ValidatorFactoryConfigurationHelper - HV000252: Using org.hibernate.validator.internal.engine.DefaultPropertyNodeNameProvider as property node name provider.
13:49:22.570 [main] DEBUG org.hibernate.validator.internal.engine.ValidatorFactoryConfigurationHelper - HV000234: Using org.springframework.validation.beanvalidation.LocaleContextMessageInterpolator as ValidatorFactory-scoped message interpolator.
13:49:22.570 [main] DEBUG org.hibernate.validator.internal.engine.ValidatorFactoryConfigurationHelper - HV000234: Using org.hibernate.validator.internal.engine.resolver.JPATraversableResolver as ValidatorFactory-scoped traversable resolver.
13:49:22.570 [main] DEBUG org.hibernate.validator.internal.engine.ValidatorFactoryConfigurationHelper - HV000234: Using org.hibernate.validator.internal.util.ExecutableParameterNameProvider as ValidatorFactory-scoped parameter name provider.
13:49:22.570 [main] DEBUG org.hibernate.validator.internal.engine.ValidatorFactoryConfigurationHelper - HV000234: Using org.hibernate.validator.internal.engine.DefaultClockProvider as ValidatorFactory-scoped clock provider.
13:49:22.570 [main] DEBUG org.hibernate.validator.internal.engine.ValidatorFactoryConfigurationHelper - HV000234: Using org.hibernate.validator.internal.engine.scripting.DefaultScriptEvaluatorFactory as ValidatorFactory-scoped script evaluator factory.
13:49:22.573 [main] DEBUG _org.springframework.web.servlet.HandlerMapping.Mappings - 
	c.e.a.v.c.PlaylistItemController:
	{PUT [/v1/playlist/item/reorder]}: reorderItemsInPlaylist(PlayListReorderItemDto)
	{PUT [/v1/playlist/item]}: updatePlaylistItem(PlaylistItemUpdateDto)
	{DELETE [/v1/playlist/item]}: deletePlaylistItem(PlaylistItemDeleteDto)
13:49:22.574 [main] DEBUG org.springframework.web.servlet.mvc.method.annotation.RequestMappingHandlerMapping - 3 mappings in org.springframework.web.servlet.mvc.method.annotation.RequestMappingHandlerMapping
13:49:22.574 [main] DEBUG org.springframework.web.servlet.mvc.method.annotation.RequestMappingHandlerAdapter - ControllerAdvice beans: 0 @ModelAttribute, 0 @InitBinder, 1 RequestBodyAdvice, 1 ResponseBodyAdvice
13:49:22.575 [main] DEBUG org.springframework.web.servlet.mvc.method.annotation.ExceptionHandlerExceptionResolver - ControllerAdvice beans: 0 @ExceptionHandler, 1 ResponseBodyAdvice
13:49:22.575 [main] INFO org.springframework.mock.web.MockServletContext - Initializing Spring TestDispatcherServlet ''
13:49:22.575 [main] INFO org.springframework.test.web.servlet.TestDispatcherServlet - Initializing Servlet ''
13:49:22.575 [main] DEBUG org.springframework.test.web.servlet.TestDispatcherServlet - Detected AcceptHeaderLocaleResolver
13:49:22.575 [main] DEBUG org.springframework.test.web.servlet.TestDispatcherServlet - Detected FixedThemeResolver
13:49:22.575 [main] DEBUG org.springframework.test.web.servlet.TestDispatcherServlet - Detected org.springframework.web.servlet.view.DefaultRequestToViewNameTranslator@307a0097
13:49:22.575 [main] DEBUG org.springframework.test.web.servlet.TestDispatcherServlet - Detected org.springframework.web.servlet.support.SessionFlashMapManager@4666f1b5
13:49:22.575 [main] DEBUG org.springframework.test.web.servlet.TestDispatcherServlet - enableLoggingRequestDetails='false': request parameters and headers will be masked to prevent unsafe logging of potentially sensitive data
13:49:22.575 [main] INFO org.springframework.test.web.servlet.TestDispatcherServlet - Completed initialization in 0 ms
13:49:22.578 [main] DEBUG org.springframework.test.web.servlet.TestDispatcherServlet - PUT "/v1/playlist/item/reorder", parameters={}
13:49:22.578 [main] DEBUG org.springframework.web.servlet.mvc.method.annotation.RequestMappingHandlerMapping - Mapped to com.example.api.vod.controller.PlaylistItemController#reorderItemsInPlaylist(PlayListReorderItemDto)
13:49:22.585 [main] DEBUG org.springframework.web.servlet.mvc.method.annotation.RequestResponseBodyMethodProcessor - Read "application/json" to [PlayListReorderItemDto(playlistId=test-id, items=[PlaylistItemDto(id=4iSYoMt0QBecJo1YcgKs31, playlis (truncated)...]
13:49:22.668 [main] DEBUG org.springframework.web.servlet.mvc.method.annotation.RequestResponseBodyMethodProcessor - Using 'application/json', given [application/json] and supported [application/json, application/*+json]
13:49:22.668 [main] DEBUG org.springframework.web.servlet.mvc.method.annotation.RequestResponseBodyMethodProcessor - Writing [PlaylistDto(id=7kQYh5f9BY5REKkI77M9Km, name=test-playlist-name, items=[PlaylistItemDto(id=5DN3of0kU2 (truncated)...]
13:49:22.669 [main] DEBUG org.springframework.test.web.servlet.TestDispatcherServlet - Completed 200 OK
13:49:22.675 [main] DEBUG org.hibernate.validator.messageinterpolation.ResourceBundleMessageInterpolator - Loaded expression factory via original TCCL
13:49:22.676 [main] DEBUG org.hibernate.validator.internal.engine.AbstractConfigurationImpl - Setting custom MessageInterpolator of type org.springframework.validation.beanvalidation.LocaleContextMessageInterpolator
13:49:22.676 [main] DEBUG org.hibernate.validator.internal.engine.AbstractConfigurationImpl - Setting custom ParameterNameProvider of type org.springframework.validation.beanvalidation.LocalValidatorFactoryBean$1
13:49:22.676 [main] DEBUG org.hibernate.validator.internal.xml.config.ValidationXmlParser - Trying to load META-INF/validation.xml for XML based Validator configuration.
13:49:22.676 [main] DEBUG org.hibernate.validator.internal.xml.config.ResourceLoaderHelper - Trying to load META-INF/validation.xml via TCCL
13:49:22.676 [main] DEBUG org.hibernate.validator.internal.xml.config.ResourceLoaderHelper - Trying to load META-INF/validation.xml via Hibernate Validator's class loader
13:49:22.676 [main] DEBUG org.hibernate.validator.internal.xml.config.ValidationXmlParser - No META-INF/validation.xml found. Using annotation based configuration only.
13:49:22.676 [main] DEBUG org.hibernate.validator.internal.engine.resolver.TraversableResolvers - Found jakarta.persistence.Persistence on classpath containing 'getPersistenceUtil'. Assuming JPA 2 environment. Trying to instantiate JPA aware TraversableResolver
13:49:22.676 [main] DEBUG org.hibernate.validator.internal.engine.resolver.TraversableResolvers - Instantiated JPA aware TraversableResolver of type org.hibernate.validator.internal.engine.resolver.JPATraversableResolver.
13:49:22.677 [main] DEBUG org.hibernate.validator.internal.engine.ValidatorFactoryConfigurationHelper - HV000252: Using org.hibernate.validator.internal.engine.DefaultPropertyNodeNameProvider as property node name provider.
13:49:22.677 [main] DEBUG org.hibernate.validator.internal.engine.ValidatorFactoryConfigurationHelper - HV000234: Using org.springframework.validation.beanvalidation.LocaleContextMessageInterpolator as ValidatorFactory-scoped message interpolator.
13:49:22.677 [main] DEBUG org.hibernate.validator.internal.engine.ValidatorFactoryConfigurationHelper - HV000234: Using org.hibernate.validator.internal.engine.resolver.JPATraversableResolver as ValidatorFactory-scoped traversable resolver.
13:49:22.677 [main] DEBUG org.hibernate.validator.internal.engine.ValidatorFactoryConfigurationHelper - HV000234: Using org.hibernate.validator.internal.util.ExecutableParameterNameProvider as ValidatorFactory-scoped parameter name provider.
13:49:22.677 [main] DEBUG org.hibernate.validator.internal.engine.ValidatorFactoryConfigurationHelper - HV000234: Using org.hibernate.validator.internal.engine.DefaultClockProvider as ValidatorFactory-scoped clock provider.
13:49:22.677 [main] DEBUG org.hibernate.validator.internal.engine.ValidatorFactoryConfigurationHelper - HV000234: Using org.hibernate.validator.internal.engine.scripting.DefaultScriptEvaluatorFactory as ValidatorFactory-scoped script evaluator factory.
13:49:22.678 [main] DEBUG _org.springframework.web.servlet.HandlerMapping.Mappings - 
	c.e.a.v.c.PlaylistItemController:
	{PUT [/v1/playlist/item/reorder]}: reorderItemsInPlaylist(PlayListReorderItemDto)
	{PUT [/v1/playlist/item]}: updatePlaylistItem(PlaylistItemUpdateDto)
	{DELETE [/v1/playlist/item]}: deletePlaylistItem(PlaylistItemDeleteDto)
13:49:22.678 [main] DEBUG org.springframework.web.servlet.mvc.method.annotation.RequestMappingHandlerMapping - 3 mappings in org.springframework.web.servlet.mvc.method.annotation.RequestMappingHandlerMapping
13:49:22.679 [main] DEBUG org.springframework.web.servlet.mvc.method.annotation.RequestMappingHandlerAdapter - ControllerAdvice beans: 0 @ModelAttribute, 0 @InitBinder, 1 RequestBodyAdvice, 1 ResponseBodyAdvice
13:49:22.680 [main] DEBUG org.springframework.web.servlet.mvc.method.annotation.ExceptionHandlerExceptionResolver - ControllerAdvice beans: 0 @ExceptionHandler, 1 ResponseBodyAdvice
13:49:22.680 [main] INFO org.springframework.mock.web.MockServletContext - Initializing Spring TestDispatcherServlet ''
13:49:22.680 [main] INFO org.springframework.test.web.servlet.TestDispatcherServlet - Initializing Servlet ''
13:49:22.680 [main] DEBUG org.springframework.test.web.servlet.TestDispatcherServlet - Detected AcceptHeaderLocaleResolver
13:49:22.680 [main] DEBUG org.springframework.test.web.servlet.TestDispatcherServlet - Detected FixedThemeResolver
13:49:22.680 [main] DEBUG org.springframework.test.web.servlet.TestDispatcherServlet - Detected org.springframework.web.servlet.view.DefaultRequestToViewNameTranslator@46460f58
13:49:22.680 [main] DEBUG org.springframework.test.web.servlet.TestDispatcherServlet - Detected org.springframework.web.servlet.support.SessionFlashMapManager@4b10e470
13:49:22.680 [main] DEBUG org.springframework.test.web.servlet.TestDispatcherServlet - enableLoggingRequestDetails='false': request parameters and headers will be masked to prevent unsafe logging of potentially sensitive data
13:49:22.680 [main] INFO org.springframework.test.web.servlet.TestDispatcherServlet - Completed initialization in 0 ms
13:49:22.681 [main] DEBUG org.springframework.test.web.servlet.TestDispatcherServlet - PUT "/v1/playlist/item/reorder", parameters={}
13:49:22.682 [main] DEBUG org.springframework.web.servlet.mvc.method.annotation.RequestMappingHandlerMapping - Mapped to com.example.api.vod.controller.PlaylistItemController#reorderItemsInPlaylist(PlayListReorderItemDto)
13:49:22.685 [main] DEBUG org.springframework.web.servlet.mvc.method.annotation.RequestResponseBodyMethodProcessor - Read "application/json" to [PlayListReorderItemDto(playlistId=, items=[PlaylistItemDto(id=4iSYoMt0QBecJo1YcgKs31, playlistId=7kQ (truncated)...]
13:49:22.711 [main] WARN org.springframework.web.servlet.mvc.support.DefaultHandlerExceptionResolver - Resolved [org.springframework.web.bind.MethodArgumentNotValidException: Validation failed for argument [0] in public com.example.api.vod.dto.PlaylistDto com.example.api.vod.controller.PlaylistItemController.reorderItemsInPlaylist(com.example.api.vod.dto.PlayListReorderItemDto): [Field error in object 'playListReorderItemDto' on field 'playlistId': rejected value []; codes [NotBlank.playListReorderItemDto.playlistId,NotBlank.playlistId,NotBlank.java.lang.String,NotBlank]; arguments [org.springframework.context.support.DefaultMessageSourceResolvable: codes [playListReorderItemDto.playlistId,playlistId]; arguments []; default message [playlistId]]; default message [Name cannot be empty]] ]
13:49:22.711 [main] DEBUG org.springframework.test.web.servlet.TestDispatcherServlet - Completed 400 BAD_REQUEST
13:49:22.717 [main] DEBUG org.hibernate.validator.messageinterpolation.ResourceBundleMessageInterpolator - Loaded expression factory via original TCCL
13:49:22.717 [main] DEBUG org.hibernate.validator.internal.engine.AbstractConfigurationImpl - Setting custom MessageInterpolator of type org.springframework.validation.beanvalidation.LocaleContextMessageInterpolator
13:49:22.717 [main] DEBUG org.hibernate.validator.internal.engine.AbstractConfigurationImpl - Setting custom ParameterNameProvider of type org.springframework.validation.beanvalidation.LocalValidatorFactoryBean$1
13:49:22.717 [main] DEBUG org.hibernate.validator.internal.xml.config.ValidationXmlParser - Trying to load META-INF/validation.xml for XML based Validator configuration.
13:49:22.717 [main] DEBUG org.hibernate.validator.internal.xml.config.ResourceLoaderHelper - Trying to load META-INF/validation.xml via TCCL
13:49:22.717 [main] DEBUG org.hibernate.validator.internal.xml.config.ResourceLoaderHelper - Trying to load META-INF/validation.xml via Hibernate Validator's class loader
13:49:22.717 [main] DEBUG org.hibernate.validator.internal.xml.config.ValidationXmlParser - No META-INF/validation.xml found. Using annotation based configuration only.
13:49:22.717 [main] DEBUG org.hibernate.validator.internal.engine.resolver.TraversableResolvers - Found jakarta.persistence.Persistence on classpath containing 'getPersistenceUtil'. Assuming JPA 2 environment. Trying to instantiate JPA aware TraversableResolver
13:49:22.717 [main] DEBUG org.hibernate.validator.internal.engine.resolver.TraversableResolvers - Instantiated JPA aware TraversableResolver of type org.hibernate.validator.internal.engine.resolver.JPATraversableResolver.
13:49:22.718 [main] DEBUG org.hibernate.validator.internal.engine.ValidatorFactoryConfigurationHelper - HV000252: Using org.hibernate.validator.internal.engine.DefaultPropertyNodeNameProvider as property node name provider.
13:49:22.718 [main] DEBUG org.hibernate.validator.internal.engine.ValidatorFactoryConfigurationHelper - HV000234: Using org.springframework.validation.beanvalidation.LocaleContextMessageInterpolator as ValidatorFactory-scoped message interpolator.
13:49:22.719 [main] DEBUG org.hibernate.validator.internal.engine.ValidatorFactoryConfigurationHelper - HV000234: Using org.hibernate.validator.internal.engine.resolver.JPATraversableResolver as ValidatorFactory-scoped traversable resolver.
13:49:22.719 [main] DEBUG org.hibernate.validator.internal.engine.ValidatorFactoryConfigurationHelper - HV000234: Using org.hibernate.validator.internal.util.ExecutableParameterNameProvider as ValidatorFactory-scoped parameter name provider.
13:49:22.719 [main] DEBUG org.hibernate.validator.internal.engine.ValidatorFactoryConfigurationHelper - HV000234: Using org.hibernate.validator.internal.engine.DefaultClockProvider as ValidatorFactory-scoped clock provider.
13:49:22.719 [main] DEBUG org.hibernate.validator.internal.engine.ValidatorFactoryConfigurationHelper - HV000234: Using org.hibernate.validator.internal.engine.scripting.DefaultScriptEvaluatorFactory as ValidatorFactory-scoped script evaluator factory.
13:49:22.720 [main] DEBUG _org.springframework.web.servlet.HandlerMapping.Mappings - 
	c.e.a.v.c.PlaylistItemController:
	{PUT [/v1/playlist/item/reorder]}: reorderItemsInPlaylist(PlayListReorderItemDto)
	{PUT [/v1/playlist/item]}: updatePlaylistItem(PlaylistItemUpdateDto)
	{DELETE [/v1/playlist/item]}: deletePlaylistItem(PlaylistItemDeleteDto)
13:49:22.720 [main] DEBUG org.springframework.web.servlet.mvc.method.annotation.RequestMappingHandlerMapping - 3 mappings in org.springframework.web.servlet.mvc.method.annotation.RequestMappingHandlerMapping
13:49:22.721 [main] DEBUG org.springframework.web.servlet.mvc.method.annotation.RequestMappingHandlerAdapter - ControllerAdvice beans: 0 @ModelAttribute, 0 @InitBinder, 1 RequestBodyAdvice, 1 ResponseBodyAdvice
13:49:22.721 [main] DEBUG org.springframework.web.servlet.mvc.method.annotation.ExceptionHandlerExceptionResolver - ControllerAdvice beans: 0 @ExceptionHandler, 1 ResponseBodyAdvice
13:49:22.721 [main] INFO org.springframework.mock.web.MockServletContext - Initializing Spring TestDispatcherServlet ''
13:49:22.721 [main] INFO org.springframework.test.web.servlet.TestDispatcherServlet - Initializing Servlet ''
13:49:22.722 [main] DEBUG org.springframework.test.web.servlet.TestDispatcherServlet - Detected AcceptHeaderLocaleResolver
13:49:22.722 [main] DEBUG org.springframework.test.web.servlet.TestDispatcherServlet - Detected FixedThemeResolver
13:49:22.722 [main] DEBUG org.springframework.test.web.servlet.TestDispatcherServlet - Detected org.springframework.web.servlet.view.DefaultRequestToViewNameTranslator@4b2e1015
13:49:22.722 [main] DEBUG org.springframework.test.web.servlet.TestDispatcherServlet - Detected org.springframework.web.servlet.support.SessionFlashMapManager@17d99e0f
13:49:22.722 [main] DEBUG org.springframework.test.web.servlet.TestDispatcherServlet - enableLoggingRequestDetails='false': request parameters and headers will be masked to prevent unsafe logging of potentially sensitive data
13:49:22.722 [main] INFO org.springframework.test.web.servlet.TestDispatcherServlet - Completed initialization in 1 ms
13:49:22.723 [main] DEBUG org.springframework.test.web.servlet.TestDispatcherServlet - PUT "/v1/playlist/item", parameters={}
13:49:22.723 [main] DEBUG org.springframework.web.servlet.mvc.method.annotation.RequestMappingHandlerMapping - Mapped to com.example.api.vod.controller.PlaylistItemController#updatePlaylistItem(PlaylistItemUpdateDto)
13:49:22.729 [main] DEBUG org.springframework.web.servlet.mvc.method.annotation.RequestResponseBodyMethodProcessor - Read "application/json" to [PlaylistItemUpdateDto(playlistId=test-playlist-id, playlistItemId=test-item-id, name=test-playlist-i (truncated)...]
13:49:22.731 [main] DEBUG org.springframework.web.servlet.mvc.method.annotation.RequestResponseBodyMethodProcessor - Using 'application/json', given [application/json] and supported [application/json, application/*+json]
13:49:22.731 [main] DEBUG org.springframework.web.servlet.mvc.method.annotation.RequestResponseBodyMethodProcessor - Writing [PlaylistDto(id=7kQYh5f9BY5REKkI77M9Km, name=test-playlist-name, items=[PlaylistItemDto(id=5DN3of0kU2 (truncated)...]
13:49:22.732 [main] DEBUG org.springframework.test.web.servlet.TestDispatcherServlet - Completed 200 OK
13:49:22.738 [main] DEBUG org.hibernate.validator.messageinterpolation.ResourceBundleMessageInterpolator - Loaded expression factory via original TCCL
13:49:22.738 [main] DEBUG org.hibernate.validator.internal.engine.AbstractConfigurationImpl - Setting custom MessageInterpolator of type org.springframework.validation.beanvalidation.LocaleContextMessageInterpolator
13:49:22.738 [main] DEBUG org.hibernate.validator.internal.engine.AbstractConfigurationImpl - Setting custom ParameterNameProvider of type org.springframework.validation.beanvalidation.LocalValidatorFactoryBean$1
13:49:22.738 [main] DEBUG org.hibernate.validator.internal.xml.config.ValidationXmlParser - Trying to load META-INF/validation.xml for XML based Validator configuration.
13:49:22.738 [main] DEBUG org.hibernate.validator.internal.xml.config.ResourceLoaderHelper - Trying to load META-INF/validation.xml via TCCL
13:49:22.738 [main] DEBUG org.hibernate.validator.internal.xml.config.ResourceLoaderHelper - Trying to load META-INF/validation.xml via Hibernate Validator's class loader
13:49:22.738 [main] DEBUG org.hibernate.validator.internal.xml.config.ValidationXmlParser - No META-INF/validation.xml found. Using annotation based configuration only.
13:49:22.738 [main] DEBUG org.hibernate.validator.internal.engine.resolver.TraversableResolvers - Found jakarta.persistence.Persistence on classpath containing 'getPersistenceUtil'. Assuming JPA 2 environment. Trying to instantiate JPA aware TraversableResolver
13:49:22.738 [main] DEBUG org.hibernate.validator.internal.engine.resolver.TraversableResolvers - Instantiated JPA aware TraversableResolver of type org.hibernate.validator.internal.engine.resolver.JPATraversableResolver.
13:49:22.739 [main] DEBUG org.hibernate.validator.internal.engine.ValidatorFactoryConfigurationHelper - HV000252: Using org.hibernate.validator.internal.engine.DefaultPropertyNodeNameProvider as property node name provider.
13:49:22.739 [main] DEBUG org.hibernate.validator.internal.engine.ValidatorFactoryConfigurationHelper - HV000234: Using org.springframework.validation.beanvalidation.LocaleContextMessageInterpolator as ValidatorFactory-scoped message interpolator.
13:49:22.739 [main] DEBUG org.hibernate.validator.internal.engine.ValidatorFactoryConfigurationHelper - HV000234: Using org.hibernate.validator.internal.engine.resolver.JPATraversableResolver as ValidatorFactory-scoped traversable resolver.
13:49:22.739 [main] DEBUG org.hibernate.validator.internal.engine.ValidatorFactoryConfigurationHelper - HV000234: Using org.hibernate.validator.internal.util.ExecutableParameterNameProvider as ValidatorFactory-scoped parameter name provider.
13:49:22.739 [main] DEBUG org.hibernate.validator.internal.engine.ValidatorFactoryConfigurationHelper - HV000234: Using org.hibernate.validator.internal.engine.DefaultClockProvider as ValidatorFactory-scoped clock provider.
13:49:22.739 [main] DEBUG org.hibernate.validator.internal.engine.ValidatorFactoryConfigurationHelper - HV000234: Using org.hibernate.validator.internal.engine.scripting.DefaultScriptEvaluatorFactory as ValidatorFactory-scoped script evaluator factory.
13:49:22.740 [main] DEBUG _org.springframework.web.servlet.HandlerMapping.Mappings - 
	c.e.a.v.c.PlaylistItemController:
	{PUT [/v1/playlist/item/reorder]}: reorderItemsInPlaylist(PlayListReorderItemDto)
	{PUT [/v1/playlist/item]}: updatePlaylistItem(PlaylistItemUpdateDto)
	{DELETE [/v1/playlist/item]}: deletePlaylistItem(PlaylistItemDeleteDto)
13:49:22.741 [main] DEBUG org.springframework.web.servlet.mvc.method.annotation.RequestMappingHandlerMapping - 3 mappings in org.springframework.web.servlet.mvc.method.annotation.RequestMappingHandlerMapping
13:49:22.741 [main] DEBUG org.springframework.web.servlet.mvc.method.annotation.RequestMappingHandlerAdapter - ControllerAdvice beans: 0 @ModelAttribute, 0 @InitBinder, 1 RequestBodyAdvice, 1 ResponseBodyAdvice
13:49:22.742 [main] DEBUG org.springframework.web.servlet.mvc.method.annotation.ExceptionHandlerExceptionResolver - ControllerAdvice beans: 0 @ExceptionHandler, 1 ResponseBodyAdvice
13:49:22.742 [main] INFO org.springframework.mock.web.MockServletContext - Initializing Spring TestDispatcherServlet ''
13:49:22.742 [main] INFO org.springframework.test.web.servlet.TestDispatcherServlet - Initializing Servlet ''
13:49:22.742 [main] DEBUG org.springframework.test.web.servlet.TestDispatcherServlet - Detected AcceptHeaderLocaleResolver
13:49:22.742 [main] DEBUG org.springframework.test.web.servlet.TestDispatcherServlet - Detected FixedThemeResolver
13:49:22.742 [main] DEBUG org.springframework.test.web.servlet.TestDispatcherServlet - Detected org.springframework.web.servlet.view.DefaultRequestToViewNameTranslator@239c4792
13:49:22.742 [main] DEBUG org.springframework.test.web.servlet.TestDispatcherServlet - Detected org.springframework.web.servlet.support.SessionFlashMapManager@598acf89
13:49:22.742 [main] DEBUG org.springframework.test.web.servlet.TestDispatcherServlet - enableLoggingRequestDetails='false': request parameters and headers will be masked to prevent unsafe logging of potentially sensitive data
13:49:22.742 [main] INFO org.springframework.test.web.servlet.TestDispatcherServlet - Completed initialization in 0 ms
13:49:22.742 [main] DEBUG org.springframework.test.web.servlet.TestDispatcherServlet - PUT "/v1/playlist/item", parameters={}
13:49:22.742 [main] DEBUG org.springframework.web.servlet.mvc.method.annotation.RequestMappingHandlerMapping - Mapped to com.example.api.vod.controller.PlaylistItemController#updatePlaylistItem(PlaylistItemUpdateDto)
13:49:22.744 [main] DEBUG org.springframework.web.servlet.mvc.method.annotation.RequestResponseBodyMethodProcessor - Read "application/json" to []
13:49:22.744 [main] WARN org.springframework.web.servlet.mvc.support.DefaultHandlerExceptionResolver - Resolved [org.springframework.http.converter.HttpMessageNotReadableException: Required request body is missing: public com.example.api.vod.dto.PlaylistDto com.example.api.vod.controller.PlaylistItemController.updatePlaylistItem(com.example.api.vod.dto.PlaylistItemUpdateDto)]
13:49:22.744 [main] DEBUG org.springframework.test.web.servlet.TestDispatcherServlet - Completed 400 BAD_REQUEST
13:49:22.751 [main] DEBUG org.hibernate.validator.messageinterpolation.ResourceBundleMessageInterpolator - Loaded expression factory via original TCCL
13:49:22.751 [main] DEBUG org.hibernate.validator.internal.engine.AbstractConfigurationImpl - Setting custom MessageInterpolator of type org.springframework.validation.beanvalidation.LocaleContextMessageInterpolator
13:49:22.751 [main] DEBUG org.hibernate.validator.internal.engine.AbstractConfigurationImpl - Setting custom ParameterNameProvider of type org.springframework.validation.beanvalidation.LocalValidatorFactoryBean$1
13:49:22.751 [main] DEBUG org.hibernate.validator.internal.xml.config.ValidationXmlParser - Trying to load META-INF/validation.xml for XML based Validator configuration.
13:49:22.751 [main] DEBUG org.hibernate.validator.internal.xml.config.ResourceLoaderHelper - Trying to load META-INF/validation.xml via TCCL
13:49:22.751 [main] DEBUG org.hibernate.validator.internal.xml.config.ResourceLoaderHelper - Trying to load META-INF/validation.xml via Hibernate Validator's class loader
13:49:22.751 [main] DEBUG org.hibernate.validator.internal.xml.config.ValidationXmlParser - No META-INF/validation.xml found. Using annotation based configuration only.
13:49:22.751 [main] DEBUG org.hibernate.validator.internal.engine.resolver.TraversableResolvers - Found jakarta.persistence.Persistence on classpath containing 'getPersistenceUtil'. Assuming JPA 2 environment. Trying to instantiate JPA aware TraversableResolver
13:49:22.751 [main] DEBUG org.hibernate.validator.internal.engine.resolver.TraversableResolvers - Instantiated JPA aware TraversableResolver of type org.hibernate.validator.internal.engine.resolver.JPATraversableResolver.
13:49:22.752 [main] DEBUG org.hibernate.validator.internal.engine.ValidatorFactoryConfigurationHelper - HV000252: Using org.hibernate.validator.internal.engine.DefaultPropertyNodeNameProvider as property node name provider.
13:49:22.752 [main] DEBUG org.hibernate.validator.internal.engine.ValidatorFactoryConfigurationHelper - HV000234: Using org.springframework.validation.beanvalidation.LocaleContextMessageInterpolator as ValidatorFactory-scoped message interpolator.
13:49:22.752 [main] DEBUG org.hibernate.validator.internal.engine.ValidatorFactoryConfigurationHelper - HV000234: Using org.hibernate.validator.internal.engine.resolver.JPATraversableResolver as ValidatorFactory-scoped traversable resolver.
13:49:22.752 [main] DEBUG org.hibernate.validator.internal.engine.ValidatorFactoryConfigurationHelper - HV000234: Using org.hibernate.validator.internal.util.ExecutableParameterNameProvider as ValidatorFactory-scoped parameter name provider.
13:49:22.752 [main] DEBUG org.hibernate.validator.internal.engine.ValidatorFactoryConfigurationHelper - HV000234: Using org.hibernate.validator.internal.engine.DefaultClockProvider as ValidatorFactory-scoped clock provider.
13:49:22.752 [main] DEBUG org.hibernate.validator.internal.engine.ValidatorFactoryConfigurationHelper - HV000234: Using org.hibernate.validator.internal.engine.scripting.DefaultScriptEvaluatorFactory as ValidatorFactory-scoped script evaluator factory.
13:49:22.753 [main] DEBUG _org.springframework.web.servlet.HandlerMapping.Mappings - 
	c.e.a.v.c.PlaylistItemController:
	{PUT [/v1/playlist/item/reorder]}: reorderItemsInPlaylist(PlayListReorderItemDto)
	{PUT [/v1/playlist/item]}: updatePlaylistItem(PlaylistItemUpdateDto)
	{DELETE [/v1/playlist/item]}: deletePlaylistItem(PlaylistItemDeleteDto)
13:49:22.753 [main] DEBUG org.springframework.web.servlet.mvc.method.annotation.RequestMappingHandlerMapping - 3 mappings in org.springframework.web.servlet.mvc.method.annotation.RequestMappingHandlerMapping
13:49:22.754 [main] DEBUG org.springframework.web.servlet.mvc.method.annotation.RequestMappingHandlerAdapter - ControllerAdvice beans: 0 @ModelAttribute, 0 @InitBinder, 1 RequestBodyAdvice, 1 ResponseBodyAdvice
13:49:22.754 [main] DEBUG org.springframework.web.servlet.mvc.method.annotation.ExceptionHandlerExceptionResolver - ControllerAdvice beans: 0 @ExceptionHandler, 1 ResponseBodyAdvice
13:49:22.755 [main] INFO org.springframework.mock.web.MockServletContext - Initializing Spring TestDispatcherServlet ''
13:49:22.755 [main] INFO org.springframework.test.web.servlet.TestDispatcherServlet - Initializing Servlet ''
13:49:22.755 [main] DEBUG org.springframework.test.web.servlet.TestDispatcherServlet - Detected AcceptHeaderLocaleResolver
13:49:22.755 [main] DEBUG org.springframework.test.web.servlet.TestDispatcherServlet - Detected FixedThemeResolver
13:49:22.755 [main] DEBUG org.springframework.test.web.servlet.TestDispatcherServlet - Detected org.springframework.web.servlet.view.DefaultRequestToViewNameTranslator@39c65cb4
13:49:22.755 [main] DEBUG org.springframework.test.web.servlet.TestDispatcherServlet - Detected org.springframework.web.servlet.support.SessionFlashMapManager@283730de
13:49:22.755 [main] DEBUG org.springframework.test.web.servlet.TestDispatcherServlet - enableLoggingRequestDetails='false': request parameters and headers will be masked to prevent unsafe logging of potentially sensitive data
13:49:22.755 [main] INFO org.springframework.test.web.servlet.TestDispatcherServlet - Completed initialization in 0 ms
13:49:22.756 [main] DEBUG org.springframework.test.web.servlet.TestDispatcherServlet - DELETE "/v1/playlist/item", parameters={}
13:49:22.756 [main] DEBUG org.springframework.web.servlet.mvc.method.annotation.RequestMappingHandlerMapping - Mapped to com.example.api.vod.controller.PlaylistItemController#deletePlaylistItem(PlaylistItemDeleteDto)
13:49:22.759 [main] DEBUG org.springframework.web.servlet.mvc.method.annotation.RequestResponseBodyMethodProcessor - Read "application/json" to [PlaylistItemDeleteDto(playlistId=test-playlist, playlistItemId=test-item)]
13:49:22.760 [main] DEBUG org.springframework.web.servlet.mvc.method.annotation.RequestResponseBodyMethodProcessor - Using 'application/json', given [application/json] and supported [application/json, application/*+json]
13:49:22.760 [main] DEBUG org.springframework.web.servlet.mvc.method.annotation.RequestResponseBodyMethodProcessor - Nothing to write: null body
13:49:22.760 [main] DEBUG org.springframework.test.web.servlet.TestDispatcherServlet - Completed 200 OK
13:49:22.765 [main] DEBUG org.hibernate.validator.messageinterpolation.ResourceBundleMessageInterpolator - Loaded expression factory via original TCCL
13:49:22.765 [main] DEBUG org.hibernate.validator.internal.engine.AbstractConfigurationImpl - Setting custom MessageInterpolator of type org.springframework.validation.beanvalidation.LocaleContextMessageInterpolator
13:49:22.765 [main] DEBUG org.hibernate.validator.internal.engine.AbstractConfigurationImpl - Setting custom ParameterNameProvider of type org.springframework.validation.beanvalidation.LocalValidatorFactoryBean$1
13:49:22.765 [main] DEBUG org.hibernate.validator.internal.xml.config.ValidationXmlParser - Trying to load META-INF/validation.xml for XML based Validator configuration.
13:49:22.765 [main] DEBUG org.hibernate.validator.internal.xml.config.ResourceLoaderHelper - Trying to load META-INF/validation.xml via TCCL
13:49:22.765 [main] DEBUG org.hibernate.validator.internal.xml.config.ResourceLoaderHelper - Trying to load META-INF/validation.xml via Hibernate Validator's class loader
13:49:22.765 [main] DEBUG org.hibernate.validator.internal.xml.config.ValidationXmlParser - No META-INF/validation.xml found. Using annotation based configuration only.
13:49:22.766 [main] DEBUG org.hibernate.validator.internal.engine.resolver.TraversableResolvers - Found jakarta.persistence.Persistence on classpath containing 'getPersistenceUtil'. Assuming JPA 2 environment. Trying to instantiate JPA aware TraversableResolver
13:49:22.766 [main] DEBUG org.hibernate.validator.internal.engine.resolver.TraversableResolvers - Instantiated JPA aware TraversableResolver of type org.hibernate.validator.internal.engine.resolver.JPATraversableResolver.
13:49:22.766 [main] DEBUG org.hibernate.validator.internal.engine.ValidatorFactoryConfigurationHelper - HV000252: Using org.hibernate.validator.internal.engine.DefaultPropertyNodeNameProvider as property node name provider.
13:49:22.767 [main] DEBUG org.hibernate.validator.internal.engine.ValidatorFactoryConfigurationHelper - HV000234: Using org.springframework.validation.beanvalidation.LocaleContextMessageInterpolator as ValidatorFactory-scoped message interpolator.
13:49:22.767 [main] DEBUG org.hibernate.validator.internal.engine.ValidatorFactoryConfigurationHelper - HV000234: Using org.hibernate.validator.internal.engine.resolver.JPATraversableResolver as ValidatorFactory-scoped traversable resolver.
13:49:22.767 [main] DEBUG org.hibernate.validator.internal.engine.ValidatorFactoryConfigurationHelper - HV000234: Using org.hibernate.validator.internal.util.ExecutableParameterNameProvider as ValidatorFactory-scoped parameter name provider.
13:49:22.767 [main] DEBUG org.hibernate.validator.internal.engine.ValidatorFactoryConfigurationHelper - HV000234: Using org.hibernate.validator.internal.engine.DefaultClockProvider as ValidatorFactory-scoped clock provider.
13:49:22.767 [main] DEBUG org.hibernate.validator.internal.engine.ValidatorFactoryConfigurationHelper - HV000234: Using org.hibernate.validator.internal.engine.scripting.DefaultScriptEvaluatorFactory as ValidatorFactory-scoped script evaluator factory.
13:49:22.768 [main] DEBUG _org.springframework.web.servlet.HandlerMapping.Mappings - 
	c.e.a.v.c.PlaylistItemController:
	{PUT [/v1/playlist/item/reorder]}: reorderItemsInPlaylist(PlayListReorderItemDto)
	{PUT [/v1/playlist/item]}: updatePlaylistItem(PlaylistItemUpdateDto)
	{DELETE [/v1/playlist/item]}: deletePlaylistItem(PlaylistItemDeleteDto)
13:49:22.768 [main] DEBUG org.springframework.web.servlet.mvc.method.annotation.RequestMappingHandlerMapping - 3 mappings in org.springframework.web.servlet.mvc.method.annotation.RequestMappingHandlerMapping
13:49:22.769 [main] DEBUG org.springframework.web.servlet.mvc.method.annotation.RequestMappingHandlerAdapter - ControllerAdvice beans: 0 @ModelAttribute, 0 @InitBinder, 1 RequestBodyAdvice, 1 ResponseBodyAdvice
13:49:22.769 [main] DEBUG org.springframework.web.servlet.mvc.method.annotation.ExceptionHandlerExceptionResolver - ControllerAdvice beans: 0 @ExceptionHandler, 1 ResponseBodyAdvice
13:49:22.769 [main] INFO org.springframework.mock.web.MockServletContext - Initializing Spring TestDispatcherServlet ''
13:49:22.769 [main] INFO org.springframework.test.web.servlet.TestDispatcherServlet - Initializing Servlet ''
13:49:22.769 [main] DEBUG org.springframework.test.web.servlet.TestDispatcherServlet - Detected AcceptHeaderLocaleResolver
13:49:22.769 [main] DEBUG org.springframework.test.web.servlet.TestDispatcherServlet - Detected FixedThemeResolver
13:49:22.769 [main] DEBUG org.springframework.test.web.servlet.TestDispatcherServlet - Detected org.springframework.web.servlet.view.DefaultRequestToViewNameTranslator@7e626011
13:49:22.769 [main] DEBUG org.springframework.test.web.servlet.TestDispatcherServlet - Detected org.springframework.web.servlet.support.SessionFlashMapManager@333cf13e
13:49:22.769 [main] DEBUG org.springframework.test.web.servlet.TestDispatcherServlet - enableLoggingRequestDetails='false': request parameters and headers will be masked to prevent unsafe logging of potentially sensitive data
13:49:22.769 [main] INFO org.springframework.test.web.servlet.TestDispatcherServlet - Completed initialization in 0 ms
13:49:22.769 [main] DEBUG org.springframework.test.web.servlet.TestDispatcherServlet - DELETE "/v1/playlist/item", parameters={}
13:49:22.770 [main] DEBUG org.springframework.web.servlet.mvc.method.annotation.RequestMappingHandlerMapping - Mapped to com.example.api.vod.controller.PlaylistItemController#deletePlaylistItem(PlaylistItemDeleteDto)
13:49:22.770 [main] DEBUG org.springframework.web.servlet.mvc.method.annotation.RequestResponseBodyMethodProcessor - Read "application/json" to []
13:49:22.771 [main] WARN org.springframework.web.servlet.mvc.support.DefaultHandlerExceptionResolver - Resolved [org.springframework.http.converter.HttpMessageNotReadableException: Required request body is missing: public void com.example.api.vod.controller.PlaylistItemController.deletePlaylistItem(com.example.api.vod.dto.PlaylistItemDeleteDto)]
13:49:22.771 [main] DEBUG org.springframework.test.web.servlet.TestDispatcherServlet - Completed 400 BAD_REQUEST
[INFO] Tests run: 6, Failures: 0, Errors: 0, Skipped: 0, Time elapsed: 0.229 s - in com.example.api.vod.controller.PlaylistItemControllerTest
[INFO] Running com.example.api.vod.VodPlaylistManagerApplicationTests
13:49:22.807 [main] DEBUG org.springframework.boot.test.context.SpringBootTestContextBootstrapper - Neither @ContextConfiguration nor @ContextHierarchy found for test class [VodPlaylistManagerApplicationTests]: using SpringBootContextLoader
13:49:22.808 [main] DEBUG org.springframework.test.context.support.AbstractContextLoader - Could not detect default resource locations for test class [com.example.api.vod.VodPlaylistManagerApplicationTests]: no resource found for suffixes {-context.xml, Context.groovy}.
13:49:22.808 [main] INFO org.springframework.test.context.support.AnnotationConfigContextLoaderUtils - Could not detect default configuration classes for test class [com.example.api.vod.VodPlaylistManagerApplicationTests]: VodPlaylistManagerApplicationTests does not declare any static, non-private, non-final, nested classes annotated with @Configuration.
13:49:22.831 [main] DEBUG org.springframework.boot.test.context.SpringBootTestContextBootstrapper - Using ContextCustomizers for test class [VodPlaylistManagerApplicationTests]: [ExcludeFilterContextCustomizer, DuplicateJsonObjectContextCustomizer, MockitoContextCustomizer, TestRestTemplateContextCustomizer, DisableObservabilityContextCustomizer, PropertyMappingContextCustomizer, Customizer]
13:49:22.897 [main] DEBUG org.springframework.context.annotation.ClassPathScanningCandidateComponentProvider - Identified candidate component class: file [/Users/toobaaziz/IdeaProjects/vod-playlist-manager/target/classes/com/example/api/vod/VodPlaylistManagerApplication.class]
13:49:22.897 [main] INFO org.springframework.boot.test.context.SpringBootTestContextBootstrapper - Found @SpringBootConfiguration com.example.api.vod.VodPlaylistManagerApplication for test class com.example.api.vod.VodPlaylistManagerApplicationTests
13:49:22.959 [main] DEBUG org.springframework.boot.test.context.SpringBootTestContextBootstrapper - Using TestExecutionListeners for test class [VodPlaylistManagerApplicationTests]: [ServletTestExecutionListener, DirtiesContextBeforeModesTestExecutionListener, ApplicationEventsTestExecutionListener, MockitoTestExecutionListener, DependencyInjectionTestExecutionListener, DirtiesContextTestExecutionListener, TransactionalTestExecutionListener, SqlScriptsTestExecutionListener, EventPublishingTestExecutionListener, WithSecurityContextTestExecutionListener, ReactorContextTestExecutionListener, ResetMocksTestExecutionListener, RestDocsTestExecutionListener, MockRestServiceServerResetTestExecutionListener, MockMvcPrintOnlyOnFailureTestExecutionListener, WebDriverTestExecutionListener, MockWebServiceServerTestExecutionListener]
13:49:22.960 [main] DEBUG org.springframework.test.context.support.AbstractDirtiesContextTestExecutionListener - Before test class: class [VodPlaylistManagerApplicationTests], class annotated with @DirtiesContext [false] with mode [null]

  .   ____          _            __ _ _
 /\\ / ___'_ __ _ _(_)_ __  __ _ \ \ \ \
( ( )\___ | '_ | '_| | '_ \/ _` | \ \ \ \
 \\/  ___)| |_)| | | | | || (_| |  ) ) ) )
  '  |____| .__|_| |_|_| |_\__, | / / / /
 =========|_|==============|___/=/_/_/_/
 :: Spring Boot ::                (v3.0.1)

2024-03-29T13:49:23.302+05:00  INFO 19361 --- [           main] e.a.v.VodPlaylistManagerApplicationTests : Starting VodPlaylistManagerApplicationTests using Java 17.0.7 with PID 19361 (started by toobaaziz in /Users/toobaaziz/IdeaProjects/vod-playlist-manager)
2024-03-29T13:49:23.303+05:00  INFO 19361 --- [           main] e.a.v.VodPlaylistManagerApplicationTests : No active profile set, falling back to 1 default profile: "default"
2024-03-29T13:49:23.690+05:00  INFO 19361 --- [           main] .s.d.r.c.RepositoryConfigurationDelegate : Bootstrapping Spring Data JPA repositories in DEFAULT mode.
2024-03-29T13:49:23.744+05:00  INFO 19361 --- [           main] .s.d.r.c.RepositoryConfigurationDelegate : Finished Spring Data repository scanning in 44 ms. Found 2 JPA repository interfaces.
2024-03-29T13:49:24.355+05:00  INFO 19361 --- [           main] com.zaxxer.hikari.HikariDataSource       : HikariPool-1 - Starting...
2024-03-29T13:49:24.698+05:00  INFO 19361 --- [           main] com.zaxxer.hikari.pool.HikariPool        : HikariPool-1 - Added connection com.mysql.cj.jdbc.ConnectionImpl@2c3b7c8a
2024-03-29T13:49:24.699+05:00  INFO 19361 --- [           main] com.zaxxer.hikari.HikariDataSource       : HikariPool-1 - Start completed.
2024-03-29T13:49:25.164+05:00  INFO 19361 --- [           main] liquibase.lockservice                    : Successfully acquired change log lock
2024-03-29T13:49:25.404+05:00  INFO 19361 --- [           main] liquibase.changelog                      : Reading from vod_db.DATABASECHANGELOG
2024-03-29T13:49:25.455+05:00  INFO 19361 --- [           main] liquibase.lockservice                    : Successfully released change log lock
2024-03-29T13:49:25.528+05:00  INFO 19361 --- [           main] o.hibernate.jpa.internal.util.LogHelper  : HHH000204: Processing PersistenceUnitInfo [name: vod]
2024-03-29T13:49:25.589+05:00  INFO 19361 --- [           main] org.hibernate.Version                    : HHH000412: Hibernate ORM core version 6.1.6.Final
2024-03-29T13:49:25.626+05:00  WARN 19361 --- [           main] org.hibernate.orm.deprecation            : HHH90000021: Encountered deprecated setting [javax.persistence.sharedCache.mode], use [jakarta.persistence.sharedCache.mode] instead
2024-03-29T13:49:25.787+05:00  INFO 19361 --- [           main] com.zaxxer.hikari.HikariDataSource       : HikariPool-2 - Starting...
2024-03-29T13:49:25.807+05:00  INFO 19361 --- [           main] com.zaxxer.hikari.pool.HikariPool        : HikariPool-2 - Added connection com.mysql.cj.jdbc.ConnectionImpl@739d8d77
2024-03-29T13:49:25.807+05:00  INFO 19361 --- [           main] com.zaxxer.hikari.HikariDataSource       : HikariPool-2 - Start completed.
2024-03-29T13:49:25.843+05:00  INFO 19361 --- [           main] SQL dialect                              : HHH000400: Using dialect: org.hibernate.dialect.MySQLDialect
2024-03-29T13:49:26.401+05:00  INFO 19361 --- [           main] o.h.e.t.j.p.i.JtaPlatformInitiator       : HHH000490: Using JtaPlatform implementation: [org.hibernate.engine.transaction.jta.platform.internal.NoJtaPlatform]
2024-03-29T13:49:26.409+05:00  INFO 19361 --- [           main] j.LocalContainerEntityManagerFactoryBean : Initialized JPA EntityManagerFactory for persistence unit 'vod'
2024-03-29T13:49:27.154+05:00  WARN 19361 --- [           main] JpaBaseConfiguration$JpaWebConfiguration : spring.jpa.open-in-view is enabled by default. Therefore, database queries may be performed during view rendering. Explicitly configure spring.jpa.open-in-view to disable this warning
2024-03-29T13:49:27.175+05:00  WARN 19361 --- [           main] .s.s.UserDetailsServiceAutoConfiguration : 

Using generated security password: cdf36752-7172-47fa-8b12-dcec72c9cfd1

This generated password is for development use only. Your security configuration must be updated before running your application in production.

2024-03-29T13:49:27.345+05:00  INFO 19361 --- [           main] o.s.s.web.DefaultSecurityFilterChain     : Will secure any request with [org.springframework.security.web.session.DisableEncodeUrlFilter@60410abb, org.springframework.security.web.context.request.async.WebAsyncManagerIntegrationFilter@6ef4205a, org.springframework.security.web.context.SecurityContextHolderFilter@16596f47, org.springframework.security.web.header.HeaderWriterFilter@6e3b76ea, org.springframework.web.filter.CorsFilter@448e9bbc, org.springframework.security.web.authentication.logout.LogoutFilter@3c3eeabf, com.example.api.vod.security.filter.PreAuthorizationFilter@34743d92, org.springframework.security.web.savedrequest.RequestCacheAwareFilter@5b16b6e, org.springframework.security.web.servletapi.SecurityContextHolderAwareRequestFilter@67a87257, org.springframework.security.web.authentication.AnonymousAuthenticationFilter@20ee4388, org.springframework.security.web.session.SessionManagementFilter@19232acb, org.springframework.security.web.access.ExceptionTranslationFilter@797c16fa, org.springframework.security.web.access.intercept.AuthorizationFilter@7ee34ce1]
2024-03-29T13:49:27.550+05:00  INFO 19361 --- [           main] e.a.v.VodPlaylistManagerApplicationTests : Started VodPlaylistManagerApplicationTests in 4.556 seconds (process running for 15.86)
[INFO] Tests run: 1, Failures: 0, Errors: 0, Skipped: 0, Time elapsed: 4.787 s - in com.example.api.vod.VodPlaylistManagerApplicationTests
[INFO] Running com.example.api.vod.model.BaseEntityTest
[INFO] Tests run: 3, Failures: 0, Errors: 0, Skipped: 0, Time elapsed: 0 s - in com.example.api.vod.model.BaseEntityTest
[INFO] Running com.example.api.vod.service.PlaylistServiceTest
[ERROR] Tests run: 13, Failures: 0, Errors: 1, Skipped: 0, Time elapsed: 0.091 s <<< FAILURE! - in com.example.api.vod.service.PlaylistServiceTest
[ERROR] updatePlaylistName  Time elapsed: 0.01 s  <<< ERROR!
org.mockito.exceptions.misusing.UnfinishedStubbingException: 

Unfinished stubbing detected here:
-> at com.example.api.vod.service.PlaylistServiceTest$DeletePlaylistTest.updatePlaylistName(PlaylistServiceTest.kt:268)

E.g. thenReturn() may be missing.
Examples of correct stubbing:
    when(mock.isOk()).thenReturn(true);
    when(mock.isOk()).thenThrow(exception);
    doThrow(exception).when(mock).someVoidMethod();
Hints:
 1. missing thenReturn()
 2. you are trying to stub a final method, which is not supported
 3. you are stubbing the behaviour of another mock inside before 'thenReturn' instruction is completed

	at com.example.api.vod.service.PlaylistServiceTest$DeletePlaylistTest.updatePlaylistName(PlaylistServiceTest.kt:268)

[INFO] Running com.example.api.vod.service.PlayListItemServiceTest
[INFO] Tests run: 11, Failures: 0, Errors: 0, Skipped: 0, Time elapsed: 0.048 s - in com.example.api.vod.service.PlayListItemServiceTest
2024-03-29T13:49:27.719+05:00  INFO 19361 --- [ionShutdownHook] j.LocalContainerEntityManagerFactoryBean : Closing JPA EntityManagerFactory for persistence unit 'vod'
2024-03-29T13:49:27.947+05:00  INFO 19361 --- [ionShutdownHook] com.zaxxer.hikari.HikariDataSource       : HikariPool-2 - Shutdown initiated...
2024-03-29T13:49:27.951+05:00  INFO 19361 --- [ionShutdownHook] com.zaxxer.hikari.HikariDataSource       : HikariPool-2 - Shutdown completed.
2024-03-29T13:49:27.951+05:00  INFO 19361 --- [ionShutdownHook] com.zaxxer.hikari.HikariDataSource       : HikariPool-1 - Shutdown initiated...
2024-03-29T13:49:27.953+05:00  INFO 19361 --- [ionShutdownHook] com.zaxxer.hikari.HikariDataSource       : HikariPool-1 - Shutdown completed.
[INFO] 
[INFO] Results:
[INFO] 
[ERROR] Errors: 
[ERROR]   PlaylistServiceTest$DeletePlaylistTest.updatePlaylistName:268 UnfinishedStubbing
[INFO] 
[ERROR] Tests run: 65, Failures: 0, Errors: 1, Skipped: 0
[INFO] 
[INFO] ------------------------------------------------------------------------
[INFO] BUILD FAILURE
[INFO] ------------------------------------------------------------------------
[INFO] Total time:  25.533 s
[INFO] Finished at: 2024-03-29T13:49:28+05:00
[INFO] ------------------------------------------------------------------------
[ERROR] Failed to execute goal org.apache.maven.plugins:maven-surefire-plugin:2.22.2:test (default-test) on project spring-boot-kotlin-starter-service: There are test failures.
[ERROR] 
[ERROR] Please refer to /Users/toobaaziz/IdeaProjects/vod-playlist-manager/target/surefire-reports for the individual test results.
[ERROR] Please refer to dump files (if any exist) [date].dump, [date]-jvmRun[N].dump and [date].dumpstream.
[ERROR] -> [Help 1]
[ERROR] 
[ERROR] To see the full stack trace of the errors, re-run Maven with the -e switch.
[ERROR] Re-run Maven using the -X switch to enable full debug logging.
[ERROR] 
[ERROR] For more information about the errors and possible solutions, please read the following articles:
[ERROR] [Help 1] http://cwiki.apache.org/confluence/display/MAVEN/MojoFailureException
